This is XeTeX, Version 3.141592653-2.6-0.999998 (TeX Live 2026) (preloaded format=xelatex 2026.7.4)  22 JUL 2026 19:32
entering extended mode
 restricted \write18 enabled.
 file:line:error style messages enabled.
 %&-line parsing enabled.
**/Users/raizaniqbal/Documents/Github/ProposalTA-STI/TA
(/Users/raizaniqbal/Documents/Github/ProposalTA-STI/TA.tex
LaTeX2e <2026-06-01>
L3 programming layer <2026-06-18>
(/usr/local/texlive/2026basic/texmf-dist/tex/latex/base/book.cls
Document Class: book 2025/01/22 v1.4n Standard LaTeX document class
(/usr/local/texlive/2026basic/texmf-dist/tex/latex/base/bk12.clo
File: bk12.clo 2025/01/22 v1.4n Standard LaTeX file (size option)
)
\c@part=\count273
\c@chapter=\count274
\c@section=\count275
\c@subsection=\count276
\c@subsubsection=\count277
\c@paragraph=\count278
\c@subparagraph=\count279
\c@figure=\count280
\c@table=\count281
\abovecaptionskip=\skip49
\belowcaptionskip=\skip50
\bibindent=\dimen150
) (/usr/local/texlive/2026basic/texmf-dist/tex/latex/base/inputenc.sty
Package: inputenc 2024/02/08 v1.3d Input encoding file
\inpenc@prehook=\toks17
\inpenc@posthook=\toks18


Package inputenc Warning: inputenc package ignored with utf8 based engines.

) (/usr/local/texlive/2026basic/texmf-dist/tex/latex/fontspec/fontspec.sty (/usr/local/texlive/2026basic/texmf-dist/tex/latex/l3packages/xparse/xparse.sty (/usr/local/texlive/2026basic/texmf-dist/tex/latex/l3kernel/expl3.sty
Package: expl3 2026-06-18 L3 programming layer (loader) 
 (/usr/local/texlive/2026basic/texmf-dist/tex/latex/l3backend/l3backend-xetex.def
File: l3backend-xetex.def 2026-02-18 L3 backend support: XeTeX
\g__graphics_track_int=\count282
\g__pdfannot_backend_int=\count283
\g__pdfannot_backend_link_int=\count284
))
Package: xparse 2025-10-09 L3 Experimental document command parser
)
Package: fontspec 2025/09/29 v2.9g Font selection for XeLaTeX and LuaLaTeX
 (/usr/local/texlive/2026basic/texmf-dist/tex/latex/fontspec/fontspec-xetex.sty
Package: fontspec-xetex 2025/09/29 v2.9g Font selection for XeLaTeX and LuaLaTeX
\l__fontspec_script_int=\count285
\l__fontspec_language_int=\count286
\l__fontspec_strnum_int=\count287
\l__fontspec_tmp_int=\count288
\l__fontspec_tmpa_int=\count289
\l__fontspec_tmpb_int=\count290
\l__fontspec_tmpc_int=\count291
\l__fontspec_em_int=\count292
\l__fontspec_emdef_int=\count293
\l__fontspec_strong_int=\count294
\l__fontspec_strongdef_int=\count295
\l__fontspec_tmpa_dim=\dimen151
\l__fontspec_tmpb_dim=\dimen152
\l__fontspec_tmpc_dim=\dimen153
 (/usr/local/texlive/2026basic/texmf-dist/tex/latex/base/fontenc.sty
Package: fontenc 2025/07/18 v2.1d Standard LaTeX package
) (/usr/local/texlive/2026basic/texmf-dist/tex/latex/fontspec/fontspec.cfg))) (/usr/local/texlive/2026basic/texmf-dist/tex/generic/babel/babel.sty
Package: babel 2026/06/14 v26.9 The multilingual framework for LuaLaTeX, pdfLaTeX and XeLaTeX
\babel@savecnt=\count296
LaTeX Encoding Info:    Redeclaring text command \ij (encoding OT1) on input line 2084.
LaTeX Encoding Info:    Redeclaring text command \IJ (encoding OT1) on input line 2086.
LaTeX Encoding Info:    Redeclaring text command \ij (encoding T1) on input line 2088.
LaTeX Encoding Info:    Redeclaring text command \IJ (encoding T1) on input line 2089.
LaTeX Encoding Info:    Ignoring declaration for text command \ij (encoding ?) on input line 2090.
LaTeX Encoding Info:    Ignoring declaration for text command \IJ (encoding ?) on input line 2092.
LaTeX Encoding Info:    Ignoring declaration for text command \SS (encoding ?) on input line 2117.
\U@D=\dimen154
\l@unhyphenated=\language24
 (/usr/local/texlive/2026basic/texmf-dist/tex/generic/babel/xebabel.def)
\bbl@readstream=\read2
\bbl@dirlevel=\count297
Package babel Info: You haven't specified a language as a class or package
(babel)             option. I'll load 'nil'. Reported on input line 4311.
Package babel Info: Importing font and identification data for 'nil'
(babel)             from babel-und-x-nil.ini. Reported on input line 4380.
 (/usr/local/texlive/2026basic/texmf-dist/tex/generic/babel/nil.ldf
Language: nil 2026/06/14 v26.9 Nil language
\l@nil=\language25
)) (/usr/local/texlive/2026basic/texmf-dist/tex/generic/babel/locale/id/babel-indonesian.tex)
Package babel Info: Importing data for 'indonesian'
(babel)             from babel-id.ini. Reported on input line 76.
 (/usr/local/texlive/2026basic/texmf-dist/tex/latex/csquotes/csquotes.sty
Package: csquotes 2026-05-19 v5.2p context-sensitive quotations (JAW)
 (/usr/local/texlive/2026basic/texmf-dist/tex/latex/etoolbox/etoolbox.sty
Package: etoolbox 2025/10/02 v2.5m e-TeX tools for LaTeX (JAW)
\etb@tempcnta=\count298
) (/usr/local/texlive/2026basic/texmf-dist/tex/latex/graphics/keyval.sty
Package: keyval 2026-05-17 v1.15 key=value parser (DPC)
\KV@toks@=\toks19
)
\csq@reset=\count299
\csq@gtype=\count300
\csq@glevel=\count301
\csq@qlevel=\count302
\csq@maxlvl=\count303
\csq@tshold=\count304
\csq@ltx@everypar=\toks20
 (/usr/local/texlive/2026basic/texmf-dist/tex/latex/csquotes/csquotes.def
File: csquotes.def 2026-05-19 v5.2p csquotes generic definitions (JAW)
)
Package csquotes Info: Trying to load configuration file 'csquotes.cfg'...
Package csquotes Info: ... configuration file loaded successfully.
 (/usr/local/texlive/2026basic/texmf-dist/tex/latex/csquotes/csquotes.cfg
File: csquotes.cfg 
)) (/usr/local/texlive/2026basic/texmf-dist/tex/latex/setspace/setspace.sty
Package: setspace 2022/12/04 v6.7b set line spacing
) (/usr/local/texlive/2026basic/texmf-dist/tex/latex/graphics/graphicx.sty
Package: graphicx 2026-05-17 v1.2e Enhanced LaTeX Graphics (DPC,SPQR)
 (/usr/local/texlive/2026basic/texmf-dist/tex/latex/graphics/graphics.sty
Package: graphics 2026-05-17 v1.4h Standard LaTeX Graphics (DPC,SPQR)
 (/usr/local/texlive/2026basic/texmf-dist/tex/latex/graphics/trig.sty
Package: trig 2023/12/02 v1.11 sin cos tan (DPC)
) (/usr/local/texlive/2026basic/texmf-dist/tex/latex/graphics-cfg/graphics.cfg
File: graphics.cfg 2016/06/04 v1.11 sample graphics configuration
)
Package graphics Info: Driver file: xetex.def on input line 106.
 (/usr/local/texlive/2026basic/texmf-dist/tex/latex/graphics-def/xetex.def
File: xetex.def 2025/11/01 v5.0p Graphics/color driver for xetex
))
\Gin@req@height=\dimen155
\Gin@req@width=\dimen156
) (/usr/local/texlive/2026basic/texmf-dist/tex/latex/caption/caption.sty
Package: caption 2023/08/05 v3.6o Customizing captions (AR)
 (/usr/local/texlive/2026basic/texmf-dist/tex/latex/caption/caption3.sty
Package: caption3 2023/07/31 v2.4d caption3 kernel (AR)
\caption@tempdima=\dimen157
\captionmargin=\dimen158
\caption@leftmargin=\dimen159
\caption@rightmargin=\dimen160
\caption@width=\dimen161
\caption@indent=\dimen162
\caption@parindent=\dimen163
\caption@hangindent=\dimen164
Package caption Info: Standard document class detected.
)
\c@caption@flags=\count305
\c@continuedfloat=\count306
) (/usr/local/texlive/2026basic/texmf-dist/tex/latex/caption/subcaption.sty
Package: subcaption 2023/07/28 v1.6b Sub-captions (AR)
Package caption Info: New subtype `subfigure' on input line 238.
\c@subfigure=\count307
Package caption Info: New subtype `subtable' on input line 238.
\c@subtable=\count308
) (/usr/local/texlive/2026basic/texmf-dist/tex/latex/hyperref/hyperref.sty
Package: hyperref 2026-06-17 v7.01r Hypertext links for LaTeX
 (/usr/local/texlive/2026basic/texmf-dist/tex/generic/iftex/iftex.sty
Package: iftex 2024/12/12 v1.0g TeX engine tests
) (/usr/local/texlive/2026basic/texmf-dist/tex/latex/kvsetkeys/kvsetkeys.sty
Package: kvsetkeys 2022-10-05 v1.19 Key value parser (HO)
) (/usr/local/texlive/2026basic/texmf-dist/tex/generic/kvdefinekeys/kvdefinekeys.sty
Package: kvdefinekeys 2019-12-19 v1.6 Define keys (HO)
) (/usr/local/texlive/2026basic/texmf-dist/tex/generic/pdfescape/pdfescape.sty
Package: pdfescape 2019/12/09 v1.15 Implements pdfTeX's escape features (HO)
 (/usr/local/texlive/2026basic/texmf-dist/tex/generic/ltxcmds/ltxcmds.sty
Package: ltxcmds 2023-12-04 v1.26 LaTeX kernel commands for general use (HO)
) (/usr/local/texlive/2026basic/texmf-dist/tex/generic/pdftexcmds/pdftexcmds.sty
Package: pdftexcmds 2020-06-27 v0.33 Utility functions of pdfTeX for LuaTeX (HO)
 (/usr/local/texlive/2026basic/texmf-dist/tex/generic/infwarerr/infwarerr.sty
Package: infwarerr 2019/12/03 v1.5 Providing info/warning/error messages (HO)
)
Package pdftexcmds Info: \pdf@primitive is available.
Package pdftexcmds Info: \pdf@ifprimitive is available.
Package pdftexcmds Info: \pdfdraftmode not found.
)) (/usr/local/texlive/2026basic/texmf-dist/tex/latex/hycolor/hycolor.sty
Package: hycolor 2020-01-27 v1.10 Color options for hyperref/bookmark (HO)
) (/usr/local/texlive/2026basic/texmf-dist/tex/latex/hyperref/nameref.sty
Package: nameref 2026-01-29 v2.58 Cross-referencing by name of section
 (/usr/local/texlive/2026basic/texmf-dist/tex/latex/refcount/refcount.sty
Package: refcount 2019/12/15 v3.6 Data extraction from label references (HO)
) (/usr/local/texlive/2026basic/texmf-dist/tex/generic/gettitlestring/gettitlestring.sty
Package: gettitlestring 2019/12/15 v1.6 Cleanup title references (HO)
 (/usr/local/texlive/2026basic/texmf-dist/tex/latex/kvoptions/kvoptions.sty
Package: kvoptions 2022-06-15 v3.15 Key value format for package options (HO)
))
\c@section@level=\count309
) (/usr/local/texlive/2026basic/texmf-dist/tex/generic/stringenc/stringenc.sty
Package: stringenc 2019/11/29 v1.12 Convert strings between diff. encodings (HO)
)
\@linkdim=\dimen165
\Hy@linkcounter=\count310
\Hy@pagecounter=\count311
 (/usr/local/texlive/2026basic/texmf-dist/tex/latex/hyperref/pd1enc.def
File: pd1enc.def 2026-06-17 v7.01r Hyperref: PDFDocEncoding definition (HO)
) (/usr/local/texlive/2026basic/texmf-dist/tex/generic/intcalc/intcalc.sty
Package: intcalc 2019/12/15 v1.3 Expandable calculations with integers (HO)
)
\Hy@SavedSpaceFactor=\count312
 (/usr/local/texlive/2026basic/texmf-dist/tex/latex/hyperref/puenc.def
File: puenc.def 2026-06-17 v7.01r Hyperref: PDF Unicode definition (HO)
)
Package hyperref Info: Hyper figures OFF on input line 4199.
Package hyperref Info: Link nesting OFF on input line 4204.
Package hyperref Info: Hyper index ON on input line 4207.
Package hyperref Info: Plain pages OFF on input line 4214.
Package hyperref Info: Backreferencing OFF on input line 4219.
Package hyperref Info: Implicit mode ON; LaTeX internals redefined.
Package hyperref Info: Bookmarks ON on input line 4466.
\c@Hy@tempcnt=\count313
 (/usr/local/texlive/2026basic/texmf-dist/tex/latex/url/url.sty
\Urlmuskip=\muskip17
Package: url 2013/09/16  ver 3.4  Verb mode for urls, etc.
)
LaTeX Info: Redefining \url on input line 4805.
\XeTeXLinkMargin=\dimen166
 (/usr/local/texlive/2026basic/texmf-dist/tex/generic/bitset/bitset.sty
Package: bitset 2019/12/09 v1.3 Handle bit-vector datatype (HO)
 (/usr/local/texlive/2026basic/texmf-dist/tex/generic/bigintcalc/bigintcalc.sty
Package: bigintcalc 2019/12/15 v1.5 Expandable calculations on big integers (HO)
))
\Fld@menulength=\count314
\Field@Width=\dimen167
\Fld@charsize=\dimen168
Package hyperref Info: Hyper figures OFF on input line 6091.
Package hyperref Info: Link nesting OFF on input line 6096.
Package hyperref Info: Hyper index ON on input line 6099.
Package hyperref Info: backreferencing OFF on input line 6106.
Package hyperref Info: Link coloring OFF on input line 6111.
Package hyperref Info: Link coloring with OCG OFF on input line 6116.
Package hyperref Info: PDF/A mode OFF on input line 6121.
\Hy@abspage=\count315
\c@Item=\count316
\c@Hfootnote=\count317
)
Package hyperref Info: Driver (autodetected): hxetex.
 (/usr/local/texlive/2026basic/texmf-dist/tex/latex/hyperref/hxetex.def
File: hxetex.def 2026-06-17 v7.01r Hyperref driver for XeTeX
\pdfm@box=\box53
\c@Hy@AnnotLevel=\count318
\HyField@AnnotCount=\count319
\Fld@listcount=\count320
\c@bookmark@seq@number=\count321
 (/usr/local/texlive/2026basic/texmf-dist/tex/latex/rerunfilecheck/rerunfilecheck.sty
Package: rerunfilecheck 2025-06-21 v1.11 Rerun checks for auxiliary files (HO)
 (/usr/local/texlive/2026basic/texmf-dist/tex/generic/uniquecounter/uniquecounter.sty
Package: uniquecounter 2019/12/15 v1.4 Provide unlimited unique counter (HO)
)
Package uniquecounter Info: New unique counter `rerunfilecheck' on input line 284.
)
\Hy@SectionHShift=\skip51
) (/usr/local/texlive/2026basic/texmf-dist/tex/latex/tocloft/tocloft.sty
Package: tocloft 2017/08/31 v2.3i parameterised ToC, etc., typesetting
Package tocloft Info: The document has chapter divisions on input line 51.
\cftparskip=\skip52
\cftbeforetoctitleskip=\skip53
\cftaftertoctitleskip=\skip54
\cftbeforepartskip=\skip55
\cftpartnumwidth=\skip56
\cftpartindent=\skip57
\cftbeforechapskip=\skip58
\cftchapindent=\skip59
\cftchapnumwidth=\skip60
\cftbeforesecskip=\skip61
\cftsecindent=\skip62
\cftsecnumwidth=\skip63
\cftbeforesubsecskip=\skip64
\cftsubsecindent=\skip65
\cftsubsecnumwidth=\skip66
\cftbeforesubsubsecskip=\skip67
\cftsubsubsecindent=\skip68
\cftsubsubsecnumwidth=\skip69
\cftbeforeparaskip=\skip70
\cftparaindent=\skip71
\cftparanumwidth=\skip72
\cftbeforesubparaskip=\skip73
\cftsubparaindent=\skip74
\cftsubparanumwidth=\skip75
\cftbeforeloftitleskip=\skip76
\cftafterloftitleskip=\skip77
\cftbeforefigskip=\skip78
\cftfigindent=\skip79
\cftfignumwidth=\skip80
\c@lofdepth=\count322
\c@lotdepth=\count323
\cftbeforelottitleskip=\skip81
\cftafterlottitleskip=\skip82
\cftbeforetabskip=\skip83
\cfttabindent=\skip84
\cfttabnumwidth=\skip85
) (/usr/local/texlive/2026basic/texmf-dist/tex/latex/titlesec/titlesec.sty
Package: titlesec 2025/01/04 v2.17 Sectioning titles
\ttl@box=\box54
\beforetitleunit=\skip86
\aftertitleunit=\skip87
\ttl@plus=\dimen169
\ttl@minus=\dimen170
\ttl@toksa=\toks21
\titlewidth=\dimen171
\titlewidthlast=\dimen172
\titlewidthfirst=\dimen173
) (/usr/local/texlive/2026basic/texmf-dist/tex/latex/lipsum/lipsum.sty (/usr/local/texlive/2026basic/texmf-dist/tex/latex/l3packages/l3keys2e/l3keys2e.sty
Package: l3keys2e 2025-10-09 LaTeX2e option processing using LaTeX3 keys
)
Package: lipsum 2021-09-20 v2.7 150 paragraphs of Lorem Ipsum dummy text
\g__lipsum_par_int=\count324
\l__lipsum_a_int=\count325
\l__lipsum_b_int=\count326
 (/usr/local/texlive/2026basic/texmf-dist/tex/latex/lipsum/lipsum.ltd.tex)) (/usr/local/texlive/2026basic/texmf-dist/tex/latex/floatrow/floatrow.sty
Package: floatrow 2008/08/02 v0.3b floatrow: float package extension
\c@float@type=\count327
\float@exts=\toks22
\float@box=\box55
\@floatcapt=\box56
Package floatrow Info: Modified float package code loaded on input line 455.
Package floatrow Info: Modified rotfloat package code loaded on input line 473.
\FR@everyfloat=\toks23
\flrow@foot=\insert252
\FB@wd=\dimen174
\FBo@wd=\dimen175
\FBc@wd=\dimen176
\FBo@ht=\skip88
\FBc@ht=\skip89
\FBf@ht=\skip90
\FBo@max=\skip91
\FBc@max=\skip92
\FBf@max=\skip93
\c@FBl@b=\count328
\floatbox@depth=\count329
\c@FRobj=\count330
\c@FRsobj=\count331
\Xhsize=\skip94
\sXhsize=\skip95
\Zhsize=\skip96
\sZhsize=\skip97
\flrow@rowbox=\box57
\FR@Zunitlength=\dimen177
\c@FBcnt=\count332
\FPOScnt=\count333
\LTleft=\skip98
\LTright=\skip99
\LTleft=\skip100
\LTright=\skip101
\flrow@types=\toks24
) (/usr/local/texlive/2026basic/texmf-dist/tex/latex/listings/listings.sty
\lst@mode=\count334
\lst@gtempboxa=\box58
\lst@token=\toks25
\lst@length=\count335
\lst@currlwidth=\dimen178
\lst@column=\count336
\lst@pos=\count337
\lst@lostspace=\dimen179
\lst@width=\dimen180
\lst@newlines=\count338
\lst@lineno=\count339
\lst@maxwidth=\dimen181
 (/usr/local/texlive/2026basic/texmf-dist/tex/latex/listings/lstpatch.sty
File: lstpatch.sty 2025/11/14 1.11b (Carsten Heinz)
) (/usr/local/texlive/2026basic/texmf-dist/tex/latex/listings/lstmisc.sty
File: lstmisc.sty 2025/11/14 1.11b (Carsten Heinz)
\c@lstnumber=\count340
\lst@skipnumbers=\count341
\lst@framebox=\box59
) (/usr/local/texlive/2026basic/texmf-dist/tex/latex/listings/listings.cfg
File: listings.cfg 2025/11/14 1.11b listings configuration
))
Package: listings 2025/11/14 1.11b (Carsten Heinz)
 (/usr/local/texlive/2026basic/texmf-dist/tex/latex/amsmath/amsmath.sty
Package: amsmath 2026/05/19 v2.18d AMS math features
\@mathmargin=\skip102

For additional information on amsmath, use the `?' option.
(/usr/local/texlive/2026basic/texmf-dist/tex/latex/amsmath/amstext.sty
Package: amstext 2024/11/17 v2.01 AMS text
 (/usr/local/texlive/2026basic/texmf-dist/tex/latex/amsmath/amsgen.sty
File: amsgen.sty 1999/11/30 v2.0 generic functions
\@emptytoks=\toks26
\ex@=\dimen182
)) (/usr/local/texlive/2026basic/texmf-dist/tex/latex/amsmath/amsbsy.sty
Package: amsbsy 1999/11/29 v1.2d Bold Symbols
\pmbraise@=\dimen183
) (/usr/local/texlive/2026basic/texmf-dist/tex/latex/amsmath/amsopn.sty
Package: amsopn 2022/04/08 v2.04 operator names
)
\inf@bad=\count342
LaTeX Info: Redefining \frac on input line 233.
\uproot@=\count343
\leftroot@=\count344
LaTeX Info: Redefining \overline on input line 398.
LaTeX Info: Redefining \colon on input line 409.
\classnum@=\count345
\DOTSCASE@=\count346
LaTeX Info: Redefining \ldots on input line 495.
LaTeX Info: Redefining \dots on input line 498.
LaTeX Info: Redefining \cdots on input line 619.
\Mathstrutbox@=\box60
\strutbox@=\box61
LaTeX Info: Redefining \big on input line 721.
LaTeX Info: Redefining \Big on input line 722.
LaTeX Info: Redefining \bigg on input line 723.
LaTeX Info: Redefining \Bigg on input line 724.
\big@size=\dimen184
LaTeX Font Info:    Redeclaring font encoding OML on input line 742.
LaTeX Font Info:    Redeclaring font encoding OMS on input line 743.
\macc@depth=\count347
LaTeX Info: Redefining \bmod on input line 904.
LaTeX Info: Redefining \pmod on input line 909.
LaTeX Info: Redefining \smash on input line 939.
LaTeX Info: Redefining \relbar on input line 969.
LaTeX Info: Redefining \Relbar on input line 970.
\c@MaxMatrixCols=\count348
\dotsspace@=\muskip18
\c@parentequation=\count349
\dspbrk@lvl=\count350
\tag@help=\toks27
\row@=\count351
\column@=\count352
\maxfields@=\count353
\andhelp@=\toks28
\eqnshift@=\dimen185
\alignsep@=\dimen186
\tagshift@=\dimen187
\tagwidth@=\dimen188
\totwidth@=\dimen189
\lineht@=\dimen190
\@envbody=\toks29
\multlinegap=\skip103
\multlinetaggap=\skip104
\mathdisplay@stack=\toks30
LaTeX Info: Redefining \[ on input line 2965.
LaTeX Info: Redefining \] on input line 2966.
) (/usr/local/texlive/2026basic/texmf-dist/tex/latex/amsfonts/amssymb.sty
Package: amssymb 2013/01/14 v3.01 AMS font symbols
 (/usr/local/texlive/2026basic/texmf-dist/tex/latex/amsfonts/amsfonts.sty
Package: amsfonts 2013/01/14 v3.01 Basic AMSFonts support
\symAMSa=\mathgroup4
\symAMSb=\mathgroup5
LaTeX Font Info:    Redeclaring math symbol \hbar on input line 98.
LaTeX Font Info:    Overwriting math alphabet `\mathfrak' in version `bold'
(Font)                  U/euf/m/n --> U/euf/b/n on input line 106.
)) (/usr/local/texlive/2026basic/texmf-dist/tex/latex/enumitem/enumitem.sty
Package: enumitem 2025/02/06 v3.11 Customized lists
\labelindent=\skip105
\enit@outerparindent=\dimen191
\enit@toks=\toks31
\enit@inbox=\box62
\enit@count@id=\count354
\enitdp@description=\count355
) (/usr/local/texlive/2026basic/texmf-dist/tex/latex/parskip/parskip.sty
Package: parskip 2021-03-14 v2.0h non-zero parskip adjustments
) (/usr/local/texlive/2026basic/texmf-dist/tex/latex/tools/longtable.sty
Package: longtable 2026-01-28 v4.27 Multi-page Table package (DPC)
\LTleft=\skip106
\LTright=\skip107
\LTpre=\skip108
\LTpost=\skip109
\LTchunksize=\count356
\LTcapwidth=\dimen192
\LT@head=\box63
\LT@firsthead=\box64
\LT@foot=\box65
\LT@lastfoot=\box66
\LT@gbox=\box67
\LT@cols=\count357
\LT@rows=\count358
\c@LT@tables=\count359
\c@LT@chunks=\count360
\LT@p@ftn=\toks32
) (/usr/local/texlive/2026basic/texmf-dist/tex/latex/booktabs/booktabs.sty
Package: booktabs 2020/01/12 v1.61803398 Publication quality tables
\heavyrulewidth=\dimen193
\lightrulewidth=\dimen194
\cmidrulewidth=\dimen195
\belowrulesep=\dimen196
\belowbottomsep=\dimen197
\aboverulesep=\dimen198
\abovetopsep=\dimen199
\cmidrulesep=\dimen256
\cmidrulekern=\dimen257
\defaultaddspace=\dimen258
\@cmidla=\count361
\@cmidlb=\count362
\@aboverulesep=\dimen259
\@belowrulesep=\dimen260
\@thisruleclass=\count363
\@lastruleclass=\count364
\@thisrulewidth=\dimen261
) (/usr/local/texlive/2026basic/texmf-dist/tex/latex/datetime2/datetime2.sty
Package: datetime2 2021/03/21 v1.5.7 (NLCT) date and time formats
 (/usr/local/texlive/2026basic/texmf-dist/tex/latex/tracklang/tracklang.sty
Package: tracklang 2026/05/24 v1.6.8 (NLCT) Track Languages
 (/usr/local/texlive/2026basic/texmf-dist/tex/generic/tracklang/tracklang.tex)
Package tracklang Info: Tracking dialect `nil' (language `undetermined') on input line 264.
Package tracklang Info: Tracking dialect `indonesian' (language `bahasai') on input line 264.
) (/usr/local/texlive/2026basic/texmf-dist/tex/latex/xkeyval/xkeyval.sty
Package: xkeyval 2025/11/04 v2.10 package option processing (HA)
 (/usr/local/texlive/2026basic/texmf-dist/tex/generic/xkeyval/xkeyval.tex (/usr/local/texlive/2026basic/texmf-dist/tex/generic/xkeyval/xkvutils.tex
\XKV@toks=\toks33
\XKV@tempa@toks=\toks34
\XKV@tempb@toks=\toks35
)
\XKV@depth=\count365
File: xkeyval.tex 2014/12/03 v2.7a key=value parser (HA)
))
Package tracklang Info: Tracking dialect `bahasai' (language `bahasai') on input line 217.


Package datetime2 Warning: Date-Time Language Module `nil' not installed on input line 1913.

(/usr/local/texlive/2026basic/texmf-dist/tex/latex/datetime2-bahasai/datetime2-bahasai.ldf
File: datetime2-bahasai.ldf 2018/01/10 v1.01
)) (/usr/local/texlive/2026basic/texmf-dist/tex/latex/geometry/geometry.sty
Package: geometry 2026/03/07 v6.0 Page Geometry
 (/usr/local/texlive/2026basic/texmf-dist/tex/generic/iftex/ifvtex.sty
Package: ifvtex 2019/10/25 v1.7 ifvtex legacy package. Use iftex instead.
)
\Gm@cnth=\count366
\Gm@cntv=\count367
\c@Gm@tempcnt=\count368
\Gm@bindingoffset=\dimen262
\Gm@wd@mp=\dimen263
\Gm@odd@mp=\dimen264
\Gm@even@mp=\dimen265
\Gm@layoutwidth=\dimen266
\Gm@layoutheight=\dimen267
\Gm@layouthoffset=\dimen268
\Gm@layoutvoffset=\dimen269
\Gm@dimlist=\toks36
) (/usr/local/texlive/2026basic/texmf-dist/tex/latex/algorithms/algorithm.sty
Invalid UTF-8 byte or sequence at line 11 replaced by U+FFFD.
Package: algorithm 2009/08/24 v0.1 Document Style `algorithm' - floating environment
 (/usr/local/texlive/2026basic/texmf-dist/tex/latex/base/ifthen.sty
Package: ifthen 2024/03/16 v1.1e Standard LaTeX ifthen package (DPC)
)
\c@algorithm=\count369
) (/usr/local/texlive/2026basic/texmf-dist/tex/latex/algorithmicx/algorithmicx.sty
Package: algorithmicx 2005/04/27 v1.2 Algorithmicx

Document Style algorithmicx 1.2 - a greatly improved `algorithmic' style
\c@ALG@line=\count370
\c@ALG@rem=\count371
\c@ALG@nested=\count372
\ALG@tlm=\skip110
\ALG@thistlm=\skip111
\c@ALG@Lnr=\count373
\c@ALG@blocknr=\count374
\c@ALG@storecount=\count375
\c@ALG@tmpcounter=\count376
\ALG@tmplength=\skip112
) (/usr/local/texlive/2026basic/texmf-dist/tex/latex/algorithmicx/algpseudocode.sty
Package: algpseudocode 

Document Style - pseudocode environments for use with the `algorithmicx' style
) (/usr/local/texlive/2026basic/texmf-dist/tex/latex/microtype/microtype.sty
Package: microtype 2026/03/01 v3.2d Micro-typographical refinements (RS)
\MT@toks=\toks37
\MT@tempbox=\box68
\MT@count=\count377
LaTeX Info: Redefining \noprotrusionifhmode on input line 1084.
LaTeX Info: Redefining \leftprotrusion on input line 1085.
\MT@prot@toks=\toks38
LaTeX Info: Redefining \rightprotrusion on input line 1104.
LaTeX Info: Redefining \textls on input line 1449.
\MT@outer@kern=\dimen270
LaTeX Info: Redefining \microtypecontext on input line 2053.
LaTeX Info: Redefining \textmicrotypecontext on input line 2070.
\MT@listname@count=\count378
 (/usr/local/texlive/2026basic/texmf-dist/tex/latex/microtype/microtype-xetex.def
File: microtype-xetex.def 2026/03/01 v3.2d Definitions specific to xetex (RS)
LaTeX Info: Redefining \lsstyle on input line 443.
LaTeX Info: Redefining \lslig on input line 451.
\MT@outer@space=\skip113
)
Package microtype Info: Loading configuration file microtype.cfg.
 (/usr/local/texlive/2026basic/texmf-dist/tex/latex/microtype/microtype.cfg
File: microtype.cfg 2026/03/01 v3.2d microtype main configuration file (RS)
)
LaTeX Info: Redefining \microtypesetup on input line 3065.
) (/usr/local/texlive/2026basic/texmf-dist/tex/latex/tools/array.sty
Package: array 2026/02/24 v2.7b Tabular extension package (FMi)
\col@sep=\dimen271
\ar@mcellbox=\box69
\extrarowheight=\dimen272
\NC@list=\toks39
\extratabsurround=\skip114
\backup@length=\skip115
\ar@cellbox=\box70
) (/usr/local/texlive/2026basic/texmf-dist/tex/latex/threeparttable/threeparttable.sty
Package: threeparttable 2003/06/13  v 3.0
\@tempboxb=\box71
) (/usr/local/texlive/2026basic/texmf-dist/tex/latex/tools/tabularx.sty
Package: tabularx 2023/12/11 v2.12a `tabularx' package (DPC)
\TX@col@width=\dimen273
\TX@old@table=\dimen274
\TX@old@col=\dimen275
\TX@target=\dimen276
\TX@delta=\dimen277
\TX@cols=\count379
\TX@ftn=\toks40
) (/usr/local/texlive/2026basic/texmf-dist/tex/latex/xltabular/xltabular.sty
Package: xltabular 2025/02/28 v0.2i `xltabular' package (hv,RN)
 (/usr/local/texlive/2026basic/texmf-dist/tex/latex/ltablex/ltablex.sty
Package: ltablex 2014/08/13 v1.1 Modified tabularx
)) (/usr/local/texlive/2026basic/texmf-dist/tex/latex/multirow/multirow.sty
Package: multirow 2024/11/12 v2.9 Span multiple rows of a table
\multirow@colwidth=\skip116
\multirow@cntb=\count380
\multirow@dima=\skip117
\bigstrutjot=\dimen278
) (/usr/local/texlive/2026basic/texmf-dist/tex/latex/xcolor/xcolor.sty
Package: xcolor 2024/09/29 v3.02 LaTeX color extensions (UK)
 (/usr/local/texlive/2026basic/texmf-dist/tex/latex/graphics-cfg/color.cfg
File: color.cfg 2016/01/02 v1.6 sample color configuration
)
Package xcolor Info: Driver file: xetex.def on input line 274.
 (/usr/local/texlive/2026basic/texmf-dist/tex/latex/graphics/mathcolor.ltx)
Package xcolor Info: Model `cmy' substituted by `cmy0' on input line 1349.
Package xcolor Info: Model `RGB' extended on input line 1365.
Package xcolor Info: Model `HTML' substituted by `rgb' on input line 1367.
Package xcolor Info: Model `Hsb' substituted by `hsb' on input line 1368.
Package xcolor Info: Model `tHsb' substituted by `hsb' on input line 1369.
Package xcolor Info: Model `HSB' substituted by `hsb' on input line 1370.
Package xcolor Info: Model `Gray' substituted by `gray' on input line 1371.
Package xcolor Info: Model `wave' substituted by `hsb' on input line 1372.
) (/usr/local/texlive/2026basic/texmf-dist/tex/latex/appendix/appendix.sty
Package: appendix 2020/02/08 v1.2c extra appendix facilities
\c@@pps=\count381
\c@@ppsavesec=\count382
\c@@ppsaveapp=\count383
)

Package fontspec Info: 
(fontspec)             Font family 'TimesNewRoman(0)' created for font 'Times
(fontspec)             New Roman' with options [Ligatures=TeX].
(fontspec)              
(fontspec)              This font family consists of the following NFSS
(fontspec)             series/shapes:
(fontspec)              
(fontspec)             - 'normal' (m/n) with NFSS spec.: <->"Times New
(fontspec)             Roman/OT:script=latn;language=dflt;mapping=tex-text;"
(fontspec)             - 'bold' (b/n) with NFSS spec.: <->"Times New
(fontspec)             Roman/B/OT:script=latn;language=dflt;mapping=tex-text;"
(fontspec)             - 'italic' (m/it) with NFSS spec.: <->"Times New
(fontspec)             Roman/I/OT:script=latn;language=dflt;mapping=tex-text;"
(fontspec)             - 'bold italic' (b/it) with NFSS spec.: <->"Times New
(fontspec)             Roman/BI/OT:script=latn;language=dflt;mapping=tex-text;"

 (/usr/local/texlive/2026basic/texmf-dist/tex/latex/biblatex-chicago/biblatex-chicago.sty
Package: biblatex-chicago 2022/07/02 v 3.18 biblatex style
 (/usr/local/texlive/2026basic/texmf-dist/tex/generic/xstring/xstring.sty (/usr/local/texlive/2026basic/texmf-dist/tex/generic/xstring/xstring.tex
\xs_counta=\count384
\xs_countb=\count385
)
Package: xstring 2023/08/22 v1.86 String manipulations (CT)
) (/usr/local/texlive/2026basic/texmf-dist/tex/latex/biblatex/biblatex.sty
Package: biblatex 2025/07/10 v3.21 programmable bibliographies (PK/MW)
 (/usr/local/texlive/2026basic/texmf-dist/tex/latex/logreq/logreq.sty
Package: logreq 2010/08/04 v1.0 xml request logger
\lrq@indent=\count386
 (/usr/local/texlive/2026basic/texmf-dist/tex/latex/logreq/logreq.def
File: logreq.def 2010/08/04 v1.0 logreq spec v1.0
))
\c@tabx@nest=\count387
\c@listtotal=\count388
\c@listcount=\count389
\c@liststart=\count390
\c@liststop=\count391
\c@citecount=\count392
\c@citetotal=\count393
\c@multicitecount=\count394
\c@multicitetotal=\count395
\c@instcount=\count396
\c@maxnames=\count397
\c@minnames=\count398
\c@maxitems=\count399
\c@minitems=\count400
\c@citecounter=\count401
\c@maxcitecounter=\count402
\c@savedcitecounter=\count403
\c@uniquelist=\count404
\c@uniquename=\count405
\c@refsection=\count406
\c@refsegment=\count407
\c@maxextratitle=\count408
\c@maxextratitleyear=\count409
\c@maxextraname=\count410
\c@maxextradate=\count411
\c@maxextraalpha=\count412
\c@abbrvpenalty=\count413
\c@highnamepenalty=\count414
\c@lownamepenalty=\count415
\c@maxparens=\count416
\c@parenlevel=\count417
\blx@tempcnta=\count418
\blx@tempcntb=\count419
\blx@tempcntc=\count420
\c@blx@maxsection=\count421
\blx@maxsegment@0=\count422
\blx@notetype=\count423
\blx@parenlevel@text=\count424
\blx@parenlevel@foot=\count425
\blx@sectionciteorder@0=\count426
\blx@sectionciteorderinternal@0=\count427
\blx@entrysetcounter=\count428
\blx@biblioinstance=\count429
\labelnumberwidth=\skip118
\labelalphawidth=\skip119
\biblabelsep=\skip120
\bibitemsep=\skip121
\bibnamesep=\skip122
\bibinitsep=\skip123
\bibparsep=\skip124
\bibhang=\skip125
\blx@bcfin=\read3
\blx@bcfout=\write3
\blx@langwohyphens=\language26
\c@mincomprange=\count430
\c@maxcomprange=\count431
\c@mincompwidth=\count432
Package biblatex Info: Trying to load biblatex default data model...
Package biblatex Info: ... file 'blx-dm.def' found.
 (/usr/local/texlive/2026basic/texmf-dist/tex/latex/biblatex/blx-dm.def
File: blx-dm.def 2025/07/10 v3.21 biblatex datamodel (PK/MW)
)
Package biblatex Info: Trying to load biblatex style data model...
Package biblatex Info: ... file 'chicago-authordate.dbx' not found.
Package biblatex Info: Trying to load biblatex custom data model...
Package biblatex Info: ... file 'biblatex-dm.cfg' not found.
\c@afterword=\count433
\c@savedafterword=\count434
\c@annotator=\count435
\c@savedannotator=\count436
\c@author=\count437
\c@savedauthor=\count438
\c@bookauthor=\count439
\c@savedbookauthor=\count440
\c@commentator=\count441
\c@savedcommentator=\count442
\c@editor=\count443
\c@savededitor=\count444
\c@editora=\count445
\c@savededitora=\count446
\c@editorb=\count447
\c@savededitorb=\count448
\c@editorc=\count449
\c@savededitorc=\count450
\c@foreword=\count451
\c@savedforeword=\count452
\c@holder=\count453
\c@savedholder=\count454
\c@introduction=\count455
\c@savedintroduction=\count456
\c@namea=\count457
\c@savednamea=\count458
\c@nameb=\count459
\c@savednameb=\count460
\c@namec=\count461
\c@savednamec=\count462
\c@translator=\count463
\c@savedtranslator=\count464
\c@shortauthor=\count465
\c@savedshortauthor=\count466
\c@shorteditor=\count467
\c@savedshorteditor=\count468
\c@labelname=\count469
\c@savedlabelname=\count470
\c@institution=\count471
\c@savedinstitution=\count472
\c@lista=\count473
\c@savedlista=\count474
\c@listb=\count475
\c@savedlistb=\count476
\c@listc=\count477
\c@savedlistc=\count478
\c@listd=\count479
\c@savedlistd=\count480
\c@liste=\count481
\c@savedliste=\count482
\c@listf=\count483
\c@savedlistf=\count484
\c@location=\count485
\c@savedlocation=\count486
\c@organization=\count487
\c@savedorganization=\count488
\c@origlocation=\count489
\c@savedoriglocation=\count490
\c@origpublisher=\count491
\c@savedorigpublisher=\count492
\c@publisher=\count493
\c@savedpublisher=\count494
\c@language=\count495
\c@savedlanguage=\count496
\c@origlanguage=\count497
\c@savedoriglanguage=\count498
\c@pageref=\count499
\c@savedpageref=\count500
\shorthandwidth=\skip126
\shortjournalwidth=\skip127
\shortserieswidth=\skip128
\shorttitlewidth=\skip129
\shortauthorwidth=\skip130
\shorteditorwidth=\skip131
\locallabelnumberwidth=\skip132
\locallabelalphawidth=\skip133
\localshorthandwidth=\skip134
\localshortjournalwidth=\skip135
\localshortserieswidth=\skip136
\localshorttitlewidth=\skip137
\localshortauthorwidth=\skip138
\localshorteditorwidth=\skip139
Package biblatex Info: Trying to load enhanced support for Unicode engines...
Package biblatex Info: ... file 'blx-unicode.def' found.
 (/usr/local/texlive/2026basic/texmf-dist/tex/latex/biblatex/blx-unicode.def)
Package biblatex Info: Trying to load compatibility code...
Package biblatex Info: ... file 'blx-compat.def' found.
 (/usr/local/texlive/2026basic/texmf-dist/tex/latex/biblatex/blx-compat.def
File: blx-compat.def 2025/07/10 v3.21 biblatex compatibility (PK/MW)
)
Package biblatex Info: Trying to load generic definitions...
Package biblatex Info: ... file 'biblatex.def' found.
 (/usr/local/texlive/2026basic/texmf-dist/tex/latex/biblatex/biblatex.def
File: biblatex.def 2025/07/10 v3.21 biblatex compatibility (PK/MW)
\c@textcitecount=\count501
\c@textcitetotal=\count502
\c@textcitemaxnames=\count503
\c@biburlbigbreakpenalty=\count504
\c@biburlbreakpenalty=\count505
\c@biburlnumpenalty=\count506
\c@biburlucpenalty=\count507
\c@biburllcpenalty=\count508
\biburlbigskip=\muskip19
\biburlnumskip=\muskip20
\biburlucskip=\muskip21
\biburllcskip=\muskip22
\c@smartand=\count509
)
Package biblatex Info: Trying to load bibliography style 'chicago-authordate'...
Package biblatex Info: ... file 'chicago-authordate.bbx' found.
 (/usr/local/texlive/2026basic/texmf-dist/tex/latex/biblatex-chicago/chicago-authordate.bbx
File: chicago-authordate.bbx 2022/11/17 v 3.18b biblatex bibliography style
\lositemsep=\skip140
Package biblatex Info: Delimiter 'revsdnamedelim' in context '' already defined, overwriting.
\cms@tempcnta=\count510
\cms@tempcntb=\count511
\c@bbx:relatedcount=\count512
\c@bbx:relatedtotal=\count513
)
Package biblatex Info: Trying to load citation style 'chicago-authordate'...
Package biblatex Info: ... file 'chicago-authordate.cbx' found.
 (/usr/local/texlive/2026basic/texmf-dist/tex/latex/biblatex-chicago/chicago-authordate.cbx
File: chicago-authordate.cbx 2022/07/02 v 3.18 biblatex citation style
Package biblatex Info: Trying to load citation style 'chicago-dates-common'...
Package biblatex Info: ... file 'chicago-dates-common.cbx' found.
 (/usr/local/texlive/2026basic/texmf-dist/tex/latex/biblatex-chicago/chicago-dates-common.cbx
File: chicago-dates-common.cbx 2024/04/15 v 3.20 biblatex citation style
Package biblatex Info: Redefining '\cite'.
Package biblatex Info: Redefining '\parencite'.
Package biblatex Info: Redefining '\footcite'.
Package biblatex Info: Redefining '\footcitetext'.
Package biblatex Info: Redefining '\citetitle'.
Package biblatex Info: Redefining '\footfullcite'.
Package biblatex Info: Redefining '\fullcite'.
Package biblatex Info: Redefining '\textcite'.
Package biblatex Info: Redefining '\textcites'.
Package biblatex Info: Redefining '\cites'.
Package biblatex Info: Redefining '\parencites'.
Package biblatex Info: Redefining '\footcites'.
Package biblatex Info: Redefining '\footcitetexts'.
\c@cms@punct=\count514
Package biblatex Info: Delimiter 'dateeradelim' in context '' already defined, overwriting.
))
Package biblatex Info: Trying to load configuration file...
Package biblatex Info: ... file 'biblatex.cfg' found.
 (/usr/local/texlive/2026basic/texmf-dist/tex/latex/biblatex/biblatex.cfg
File: biblatex.cfg 
)
Package biblatex Info: XeTeX detected.
(biblatex)             Assuming input encoding 'utf8'.
Package biblatex Info: Document encoding is UTF8 ....
Package biblatex Info: ... and expl3
(biblatex)             2026-06-18 L3 programming layer (loader) 
(biblatex)             is new enough (at least 2020/04/06),
(biblatex)             setting 'casechanger=expl3'.
 (/usr/local/texlive/2026basic/texmf-dist/tex/latex/biblatex/blx-case-expl3.sty
Package: blx-case-expl3 2025/07/10 v3.21 expl3 case changing code for biblatex
)))
Package hyperref Info: Option `colorlinks' set `true' on input line 160.
 (/usr/local/texlive/2026basic/texmf-dist/tex/latex/listings/lstlang1.sty
File: lstlang1.sty 2025/11/14 1.11b listings language file
)
Package csquotes Info: Checking for multilingual support...
Package csquotes Info: ... found 'babel' package.
Package csquotes Info: Adjusting default style.


Package csquotes Warning: No style for language 'indonesian'.
(csquotes)                Using fallback style on input line 325.

Package csquotes Info: Redefining alias 'default' -> 'fallback'.
(./TA.aux (/usr/local/texlive/2026basic/texmf-dist/tex/generic/babel/locale/en/babel-english.tex)
Package babel Info: Importing data for 'english'
(babel)             from babel-en.ini. Reported on input line 51.
)
\openout1 = `TA.aux'.

LaTeX Font Info:    Checking defaults for OML/cmm/m/it on input line 325.
LaTeX Font Info:    ... okay on input line 325.
LaTeX Font Info:    Checking defaults for OMS/cmsy/m/n on input line 325.
LaTeX Font Info:    ... okay on input line 325.
LaTeX Font Info:    Checking defaults for OT1/cmr/m/n on input line 325.
LaTeX Font Info:    ... okay on input line 325.
LaTeX Font Info:    Checking defaults for T1/cmr/m/n on input line 325.
LaTeX Font Info:    ... okay on input line 325.
LaTeX Font Info:    Checking defaults for TS1/cmr/m/n on input line 325.
LaTeX Font Info:    ... okay on input line 325.
LaTeX Font Info:    Checking defaults for TU/lmr/m/n on input line 325.
LaTeX Font Info:    ... okay on input line 325.
LaTeX Font Info:    Checking defaults for OMX/cmex/m/n on input line 325.
LaTeX Font Info:    ... okay on input line 325.
LaTeX Font Info:    Checking defaults for U/cmr/m/n on input line 325.
LaTeX Font Info:    ... okay on input line 325.
LaTeX Font Info:    Checking defaults for PD1/pdf/m/n on input line 325.
LaTeX Font Info:    ... okay on input line 325.
LaTeX Font Info:    Checking defaults for PU/pdf/m/n on input line 325.
LaTeX Font Info:    ... okay on input line 325.

Package fontspec Info: 
(fontspec)             Adjusting the maths setup (use [no-math] to avoid
(fontspec)             this).

\symlegacymaths=\mathgroup6
LaTeX Font Info:    Overwriting symbol font `legacymaths' in version `bold'
(Font)                  OT1/cmr/m/n --> OT1/cmr/bx/n on input line 325.
LaTeX Font Info:    Redeclaring math accent \acute on input line 325.
LaTeX Font Info:    Redeclaring math accent \grave on input line 325.
LaTeX Font Info:    Redeclaring math accent \ddot on input line 325.
LaTeX Font Info:    Redeclaring math accent \tilde on input line 325.
LaTeX Font Info:    Redeclaring math accent \bar on input line 325.
LaTeX Font Info:    Redeclaring math accent \breve on input line 325.
LaTeX Font Info:    Redeclaring math accent \check on input line 325.
LaTeX Font Info:    Redeclaring math accent \hat on input line 325.
LaTeX Font Info:    Redeclaring math accent \dot on input line 325.
LaTeX Font Info:    Redeclaring math accent \mathring on input line 325.
LaTeX Font Info:    Redeclaring math symbol \Gamma on input line 325.
LaTeX Font Info:    Redeclaring math symbol \Delta on input line 325.
LaTeX Font Info:    Redeclaring math symbol \Theta on input line 325.
LaTeX Font Info:    Redeclaring math symbol \Lambda on input line 325.
LaTeX Font Info:    Redeclaring math symbol \Xi on input line 325.
LaTeX Font Info:    Redeclaring math symbol \Pi on input line 325.
LaTeX Font Info:    Redeclaring math symbol \Sigma on input line 325.
LaTeX Font Info:    Redeclaring math symbol \Upsilon on input line 325.
LaTeX Font Info:    Redeclaring math symbol \Phi on input line 325.
LaTeX Font Info:    Redeclaring math symbol \Psi on input line 325.
LaTeX Font Info:    Redeclaring math symbol \Omega on input line 325.
LaTeX Font Info:    Redeclaring math symbol \mathdollar on input line 325.
LaTeX Font Info:    Redeclaring symbol font `operators' on input line 325.
LaTeX Font Info:    Encoding `OT1' has changed to `TU' for symbol font
(Font)              `operators' in the math version `normal' on input line 325.
LaTeX Font Info:    Overwriting symbol font `operators' in version `normal'
(Font)                  OT1/cmr/m/n --> TU/TimesNewRoman(0)/m/n on input line 325.
LaTeX Font Info:    Encoding `OT1' has changed to `TU' for symbol font
(Font)              `operators' in the math version `bold' on input line 325.
LaTeX Font Info:    Overwriting symbol font `operators' in version `bold'
(Font)                  OT1/cmr/bx/n --> TU/TimesNewRoman(0)/m/n on input line 325.
LaTeX Font Info:    Overwriting symbol font `operators' in version `normal'
(Font)                  TU/TimesNewRoman(0)/m/n --> TU/TimesNewRoman(0)/m/n on input line 325.
LaTeX Font Info:    Overwriting math alphabet `\mathit' in version `normal'
(Font)                  OT1/cmr/m/it --> TU/TimesNewRoman(0)/m/it on input line 325.
LaTeX Font Info:    Overwriting math alphabet `\mathbf' in version `normal'
(Font)                  OT1/cmr/bx/n --> TU/TimesNewRoman(0)/b/n on input line 325.
LaTeX Font Info:    Overwriting math alphabet `\mathsf' in version `normal'
(Font)                  OT1/cmss/m/n --> TU/lmss/m/n on input line 325.
LaTeX Font Info:    Overwriting math alphabet `\mathtt' in version `normal'
(Font)                  OT1/cmtt/m/n --> TU/lmtt/m/n on input line 325.
LaTeX Font Info:    Overwriting symbol font `operators' in version `bold'
(Font)                  TU/TimesNewRoman(0)/m/n --> TU/TimesNewRoman(0)/b/n on input line 325.
LaTeX Font Info:    Overwriting math alphabet `\mathit' in version `bold'
(Font)                  OT1/cmr/bx/it --> TU/TimesNewRoman(0)/b/it on input line 325.
LaTeX Font Info:    Overwriting math alphabet `\mathsf' in version `bold'
(Font)                  OT1/cmss/bx/n --> TU/lmss/b/n on input line 325.
LaTeX Font Info:    Overwriting math alphabet `\mathtt' in version `bold'
(Font)                  OT1/cmtt/m/n --> TU/lmtt/b/n on input line 325.
Package caption Info: Begin \AtBeginDocument code.
Package caption Info: float package is loaded.
Package caption Info: floatrow package is loaded.
Package caption Info: floatrow package is loaded.
Package caption Info: hyperref package is loaded.
Package caption Info: listings package is loaded.
Package caption Info: longtable package is loaded.
 (/usr/local/texlive/2026basic/texmf-dist/tex/latex/caption/ltcaption.sty
Package: ltcaption 2021/01/08 v1.4c longtable captions (AR)
)
Package caption Info: Fixing longtable code of `floatrow' package.
Package caption Info: threeparttable package is loaded.
Package caption Info: End \AtBeginDocument code.
Package hyperref Info: Link coloring ON on input line 325.
 (./TA.out) (./TA.out)
\@outlinefile=\write4
\openout4 = `TA.out'.

 (/usr/local/texlive/2026basic/texmf-dist/tex/latex/floatrow/fr-longtable.sty
Package: fr-longtable 2007/11/28 v0.1b (beta) floatrow: additions for longtable
\flrow@LT@lasthead=\box72
\flrow@LT@prelastfoot=\box73
\c@FBLTpage=\count515
)
\c@lstlisting=\count516

*geometry* driver: auto-detecting
*geometry* detected driver: xetex
*geometry* verbose mode - [ preamble ] result:
* driver: xetex
* paper: a4paper
* layout: <same size as paper>
* layoutoffset:(h,v)=(0.0pt,0.0pt)
* modes: twoside 
* h-part:(L,W,R)=(113.81102pt, 398.3386pt, 85.35826pt)
* v-part:(T,H,B)=(85.35826pt, 674.33032pt, 85.35826pt)
* \paperwidth=597.50787pt
* \paperheight=845.04684pt
* \textwidth=398.3386pt
* \textheight=674.33032pt
* \oddsidemargin=41.54103pt
* \evensidemargin=13.08827pt
* \topmargin=-18.78552pt
* \headheight=12.0pt
* \headsep=19.8738pt
* \topskip=12.0pt
* \footskip=30.0pt
* \marginparwidth=88.0pt
* \marginparsep=7.0pt
* \columnsep=10.0pt
* \skip\footins=10.8pt plus 4.0pt minus 2.0pt
* \hoffset=0.0pt
* \voffset=0.0pt
* \mag=1000
* \@twocolumnfalse
* \@twosidetrue
* \@mparswitchtrue
* \@reversemarginfalse
* (1in=72.27pt=25.4mm, 1cm=28.453pt)

LaTeX Info: Redefining \microtypecontext on input line 325.
Package microtype Info: Applying patch `item' on input line 325.
Package microtype Info: Applying patch `toc' on input line 325.
Package microtype Info: Applying patch `eqnum' on input line 325.
Package microtype Info: Applying patch `footnote' on input line 325.
Package microtype Info: Applying patch `verbatim' on input line 325.
LaTeX Info: Redefining \microtypesetup on input line 325.
Package microtype Info: Character protrusion enabled (level 2).
Package microtype Info: Using default protrusion set `alltext'.
Package microtype Info: No adjustment of tracking.
Package microtype Info: No adjustment of spacing.
Package microtype Info: No adjustment of kerning.
Package microtype Info: Loading generic protrusion settings for font family
(microtype)             `TimesNewRoman' (encoding: TU).
(microtype)             For optimal results, create family-specific settings.
(microtype)             See the microtype manual for details.
Package biblatex Info: Trying to load language 'nil'...
Package biblatex Info: ... file 'nil.lbx' not found.

Package biblatex Warning: Language 'nil' not supported.
(biblatex)                Using dummy definitions on input line 325.

Package biblatex Info: Trying to load language 'english'...
Package biblatex Info: ... file 'english.lbx' found.
(/usr/local/texlive/2026basic/texmf-dist/tex/latex/biblatex/lbx/english.lbx
File: english.lbx 2025/07/10 v3.21 biblatex localization (PK/MW)
)
Package biblatex Info: Trying to load language 'indonesian'...
Package biblatex Info: ... file 'indonesian.lbx' not found.


Package biblatex Warning: Language 'indonesian' not supported.
(biblatex)                Using dummy definitions on input line 325.

Package biblatex Info: XeTeX detected.
(biblatex)             Assuming input encoding 'utf8'.
Package biblatex Info: Automatic encoding selection.
(biblatex)             Assuming data encoding 'utf8'.
\openout3 = `TA.bcf'.

Package biblatex Info: Trying to load bibliographic data...
Package biblatex Info: ... file 'TA.bbl' found.
(./TA.bbl)
Package biblatex Info: Reference section=0 on input line 325.
Package biblatex Info: Reference segment=0 on input line 325.
Package babel Info: Main language set to 'indonesian'.
 (./1 Halaman Judul.tex
File: images/ganesha.jpg Graphic file (type bmp)
<images/ganesha.jpg>


Package datetime2 Warning: Region `bahasai' has ignored 
(datetime2)                the following settings:
(datetime2)                showmonthname=true
 on input line 39.

[1



]) (./2 Lembar Pengesahan.tex [2

]
LaTeX Font Info:    Trying to load font information for U+msa on input line 52.
 (/usr/local/texlive/2026basic/texmf-dist/tex/latex/amsfonts/umsa.fd
File: umsa.fd 2013/01/14 v3.01 AMS symbols A
) (/usr/local/texlive/2026basic/texmf-dist/tex/latex/microtype/mt-msa.cfg
File: mt-msa.cfg 2006/02/04 v1.1 microtype config. file: AMS symbols (a) (RS)
)
LaTeX Font Info:    Trying to load font information for U+msb on input line 52.
 (/usr/local/texlive/2026basic/texmf-dist/tex/latex/amsfonts/umsb.fd
File: umsb.fd 2013/01/14 v3.01 AMS symbols B
) (/usr/local/texlive/2026basic/texmf-dist/tex/latex/microtype/mt-msb.cfg
File: mt-msb.cfg 2005/06/01 v1.0 microtype config. file: AMS symbols (b) (RS)
) (/usr/local/texlive/2026basic/texmf-dist/tex/latex/microtype/mt-cmr.cfg
File: mt-cmr.cfg 2013/05/19 v2.2 microtype config. file: Computer Modern Roman (RS)
)
Overfull \hbox (5.69043pt too wide) in paragraph at lines 52--57
[]| [] 
 []

) (./3 Lembar Pernyataan.tex [3] [4

]
Underfull \hbox (badness 10000) in paragraph at lines 10--14

 []

) (./4 Abstrak.tex [5] [6

]
Overfull \hbox (2.70667pt too wide) in paragraph at lines 36--37
[]\TU/TimesNewRoman(0)/m/n/12 Kata kunci: Smart Warehouse, Warehouse Management System, Microservice, Com-
 []

) (./5 Kata Pengantar.tex [7] [8

]) [9]

Package geometry Warning: `a4paper': not available in `\newgeometry'; skipped.

*geometry* verbose mode - [ newgeometry ] result:
* driver: xetex
* paper: a4paper
* layout: <same size as paper>
* layoutoffset:(h,v)=(0.0pt,0.0pt)
* modes: twoside 
* h-part:(L,W,R)=(113.81102pt, 398.3386pt, 85.35826pt)
* v-part:(T,H,B)=(85.35826pt, 674.33032pt, 85.35826pt)
* \paperwidth=597.50787pt
* \paperheight=845.04684pt
* \textwidth=398.3386pt
* \textheight=674.33032pt
* \oddsidemargin=41.54103pt
* \evensidemargin=13.08827pt
* \topmargin=-18.78552pt
* \headheight=12.0pt
* \headsep=19.8738pt
* \topskip=12.0pt
* \footskip=30.0pt
* \marginparwidth=88.0pt
* \marginparsep=7.0pt
* \columnsep=10.0pt
* \skip\footins=10.8pt plus 4.0pt minus 2.0pt
* \hoffset=0.0pt
* \voffset=0.0pt
* \mag=1000
* \@twocolumnfalse
* \@twosidetrue
* \@mparswitchtrue
* \@reversemarginfalse
* (1in=72.27pt=25.4mm, 1cm=28.453pt)

(./6 Daftar Isi.tex [10


] (./TA.toc
Overfull \hbox (4.73953pt too wide) in paragraph at lines 139--139
 [][] [][][]\TU/TimesNewRoman(0)/m/n/12 Metode Pengambilan Keputusan: Analytical Hierarchy Process (AHP)[][] []  
 []

[11]
Overfull \hbox (0.58832pt too wide) detected at line 215
\TU/TimesNewRoman(0)/m/n/12 III.3.1.1 
 []


Overfull \hbox (7.25903pt too wide) in paragraph at lines 216--216
 [][] [][][]\TU/TimesNewRoman(0)/m/n/12 Alternatif 1: Event-Driven Inventory Ma- 
 []


Overfull \hbox (3.26294pt too wide) in paragraph at lines 217--217
 [][] [][][]\TU/TimesNewRoman(0)/m/n/12 Alternatif 2: State-Driven Inventory Ma- 
 []


Overfull \hbox (0.58832pt too wide) detected at line 218
\TU/TimesNewRoman(0)/m/n/12 III.3.1.2 
 []


Overfull \hbox (0.58832pt too wide) detected at line 222
\TU/TimesNewRoman(0)/m/n/12 III.3.2.1 
 []


Overfull \hbox (0.58832pt too wide) detected at line 223
\TU/TimesNewRoman(0)/m/n/12 III.3.2.2 
 []


Overfull \hbox (0.58832pt too wide) detected at line 224
\TU/TimesNewRoman(0)/m/n/12 III.3.2.3 
 []


Overfull \hbox (0.58832pt too wide) detected at line 226
\TU/TimesNewRoman(0)/m/n/12 III.3.3.1 
 []

[12]
Overfull \hbox (7.96014pt too wide) in paragraph at lines 245--245
 [][] [][][]\TU/TimesNewRoman(0)/m/n/12 Desain Detail Subsistem Lokalisasi (\TU/TimesNewRoman(0)/m/it/12 Localisation Sys- 
 []

[13])
\tf@toc=\write5
\openout5 = `TA.toc'.

) (./8 Daftar Gambar.tex [14] (./TA.lof)
\tf@lof=\write6
\openout6 = `TA.lof'.

) (./9 Daftar Tabel.tex [15

] [16

] (./TA.lot [17] [18]
Package microtype Info: Loading generic protrusion settings for font family
(microtype)             `lmtt' (encoding: TU).
(microtype)             For optimal results, create family-specific settings.
(microtype)             See the microtype manual for details.
)
\tf@lot=\write7
\openout7 = `TA.lot'.

) (./10 Daftar Algoritma.tex [19] [20

] (./TA.loa)
\tf@loa=\write8
\openout8 = `TA.loa'.

) (./11 Daftar Listing.tex [21

] [22

] (./TA.lol)
\tf@lol=\write9
\openout9 = `TA.lol'.

) (./12 Daftar Singkatan.tex [23

] [24

]
Overfull \hbox (2.66713pt too wide) in alignment at lines 15--27
 [] [] [] 
 []

) (./13 Daftar Simbol.tex [25] [26

]
Overfull \hbox (16.93071pt too wide) in alignment at lines 15--104
 [] [] [] 
 []

[27] [28]) [29] [30

] (./Bab I - Pendahuluan.tex
\bbl@ensure@indonesian {Bab} I.

Overfull \hbox (7.26668pt too wide) in paragraph at lines 9--10
[]\TU/TimesNewRoman(0)/m/n/12 PT Paragon Technology and Innovation (Paragon Corp), salah satu perusahaan FMCG
 []

[1


] [2] [3] [4]) (./Bab II - Studi.tex [5] [6

]
\bbl@ensure@indonesian {Bab} II.

Overfull \hbox (2.20299pt too wide) in paragraph at lines 15--16
\TU/TimesNewRoman(0)/m/n/12 bangkan pasokan dan permintaan sekaligus menjamin ketersediaan produk. [][][][][]Rouwen-
 []

[7

] [8]
Overfull \hbox (10.6297pt too wide) in paragraph at lines 41--42
\TU/TimesNewRoman(0)/m/n/12 kerja-yang aktivitas-aktivitasnya dikhususkan untuk menangkap, mengirim, menyimp-
 []

[9]

Package biblatex-chicago Warning: Empty Ibidem citation on input line 52.

[10]
Overfull \hbox (0.5036pt too wide) in paragraph at lines 56--57
\TU/TimesNewRoman(0)/m/n/12 atau \TU/TimesNewRoman(0)/m/it/12 foreign key\TU/TimesNewRoman(0)/m/n/12 , berdasarkan model relasional yang diperkenalkan oleh [][][][][]Codd ([][]1970[][])[][].
 []

[11] [12] [13] [14]
Overfull \hbox (3.6582pt too wide) in paragraph at lines 106--107
[]\TU/TimesNewRoman(0)/m/it/12 Design Thinking \TU/TimesNewRoman(0)/m/n/12 adalah pendekatan inovasi yang berpusat pada manusia, atau \TU/TimesNewRoman(0)/m/it/12 human-
 []

[15] [16] [17] [18]) (./Bab III - Analisis.tex [19] [20

]
\bbl@ensure@indonesian {Bab} III.

Overfull \hbox (14.82704pt too wide) in paragraph at lines 9--10
[]\TU/TimesNewRoman(0)/m/n/12 Guna memperoleh gambaran kondisi operasional yang akurat, kelompok TA252601001
 []


Overfull \hbox (5.58229pt too wide) in paragraph at lines 9--10
\TU/TimesNewRoman(0)/m/it/12 Business Integration Systems \TU/TimesNewRoman(0)/m/n/12 PT Paragon Technology and Innovation (Paragon Corp),
 []

[21

] [22]
File: images/bpmn_asis.png Graphic file (type bmp)
<images/bpmn_asis.png>


LaTeX Warning: `h' float specifier changed to `ht'.

[23]
Underfull \hbox (badness 10000) in paragraph at lines 84--84
[]|\TU/TimesNewRoman(0)/b/n/12 Current Condition
 []


Underfull \hbox (badness 10000) in paragraph at lines 84--84
\TU/TimesNewRoman(0)/b/n/12 (Masalah Aktual
 []


Underfull \hbox (badness 10000) in paragraph at lines 84--84
[]|\TU/TimesNewRoman(0)/b/n/12 Current Condition
 []


Underfull \hbox (badness 10000) in paragraph at lines 84--84
\TU/TimesNewRoman(0)/b/n/12 (Masalah Aktual
 []


Underfull \hbox (badness 3364) in paragraph at lines 84--84
[]|\TU/TimesNewRoman(0)/m/n/12 Belum ada integrasi
 []


Underfull \hbox (badness 10000) in paragraph at lines 84--84
[]|\TU/TimesNewRoman(0)/m/n/12 Sistem terintegrasi
 []


Underfull \hbox (badness 10000) in paragraph at lines 84--84
\TU/TimesNewRoman(0)/m/n/12 dan sinkron antara
 []


Underfull \hbox (badness 10000) in paragraph at lines 84--84
\TU/TimesNewRoman(0)/m/it/12 warehouse \TU/TimesNewRoman(0)/m/n/12 barang
 []


Underfull \hbox (badness 2181) in paragraph at lines 84--84
[]|\TU/TimesNewRoman(0)/m/n/12 Pendataan dan pena-
 []


Underfull \hbox (badness 10000) in paragraph at lines 84--84
\TU/TimesNewRoman(0)/m/n/12 berjalan lambat de-
 []


Underfull \hbox (badness 10000) in paragraph at lines 84--84
\TU/TimesNewRoman(0)/m/n/12 ngan perhitungan
 []


Underfull \hbox (badness 5161) in paragraph at lines 84--84
[]|\TU/TimesNewRoman(0)/m/n/12 Ketergantungan ting-
 []


Underfull \hbox (badness 4634) in paragraph at lines 84--84
\TU/TimesNewRoman(0)/m/n/12 keakuratan perminta-
 []


Underfull \hbox (badness 1342) in paragraph at lines 84--84
\TU/TimesNewRoman(0)/m/n/12 an dan waktu peme-
 []


Underfull \hbox (badness 10000) in paragraph at lines 84--84
[]|\TU/TimesNewRoman(0)/m/n/12 Perpindahan barang
 []


Underfull \hbox (badness 10000) in paragraph at lines 84--84
\TU/TimesNewRoman(0)/m/n/12 di semua tahapan
 []


Underfull \hbox (badness 10000) in paragraph at lines 84--84
\TU/TimesNewRoman(0)/m/n/12 berjalan otomatis
 []


Underfull \hbox (badness 10000) in paragraph at lines 84--84
\TU/TimesNewRoman(0)/m/n/12 dengan keakuratan
 []

[24] [25]
Underfull \hbox (badness 1231) in paragraph at lines 114--114
\TU/TimesNewRoman(0)/m/it/12 ted\TU/TimesNewRoman(0)/m/n/12 , sehingga seluruh in-
 []


Underfull \hbox (badness 1484) in paragraph at lines 114--114
\TU/TimesNewRoman(0)/m/n/12 secara menyeluruh, men-
 []


Underfull \hbox (badness 3612) in paragraph at lines 114--114
[]|\TU/TimesNewRoman(0)/m/n/12 Melaksanakan perpindah-
 []

[26] [27] [28] [29]
Overfull \hbox (28.25627pt too wide) in alignment at lines 334--339
 [] [] [] [] [] 
 []


Overfull \hbox (28.25627pt too wide) in alignment at lines 339--344
 [] [] [] [] [] 
 []


Overfull \hbox (28.25627pt too wide) in alignment at lines 344--346
 [] [] [] [] [] 
 []


Underfull \hbox (badness 10000) in paragraph at lines 347--347
[]|\TU/TimesNewRoman(0)/m/n/12 KNF-
 []


Overfull \hbox (0.63942pt too wide) in paragraph at lines 347--348
[]|\TU/TimesNewRoman(0)/m/n/12 Traceability|  
 []


Underfull \hbox (badness 10000) in paragraph at lines 349--349
[]|\TU/TimesNewRoman(0)/m/n/12 KNF-
 []


Underfull \hbox (badness 10000) in paragraph at lines 351--351
[]|\TU/TimesNewRoman(0)/m/n/12 KNF-
 []


Underfull \hbox (badness 10000) in paragraph at lines 353--353
[]|\TU/TimesNewRoman(0)/m/n/12 KNF-
 []


Underfull \hbox (badness 10000) in paragraph at lines 355--355
[]|\TU/TimesNewRoman(0)/m/n/12 KNF-
 []


Overfull \hbox (28.25627pt too wide) in alignment at lines 346--357
 [] [] [] [] [] 
 []

[30] [31]
Overfull \hbox (2.99208pt too wide) in paragraph at lines 371--372
[]\TU/TimesNewRoman(0)/m/n/12 Pada pendekatan \TU/TimesNewRoman(0)/m/it/12 Event-Driven Inventory Management\TU/TimesNewRoman(0)/m/n/12 , WMC mengelola \TU/TimesNewRoman(0)/m/it/12 order\TU/TimesNewRoman(0)/m/n/12 , stok,
 []

[32]
Overfull \hbox (5.03445pt too wide) in paragraph at lines 379--380
\TU/TimesNewRoman(0)/m/n/12 kompleksitas implementasi yang lebih rendah dibandingkan pendekatan \TU/TimesNewRoman(0)/m/it/12 event-driven\TU/TimesNewRoman(0)/m/n/12 ,
 []

[33]
Overfull \hbox (15.53836pt too wide) in paragraph at lines 389--390
[]\TU/TimesNewRoman(0)/m/n/12 Keunggulan utama alternatif ini adalah setiap robot mandiri melakukan \TU/TimesNewRoman(0)/m/it/12 self-localization
 []

[34] [35]
Overfull \hbox (3.95937pt too wide) in paragraph at lines 460--460
 []|\TU/TimesNewRoman(0)/b/n/10.95 Kemudah- 
 []


Overfull \hbox (38.83073pt too wide) in alignment at lines 460--460
 [] [] [] [] [] [] [] 
 []


Overfull \hbox (3.95937pt too wide) in paragraph at lines 460--460
 []|\TU/TimesNewRoman(0)/b/n/10.95 Kemudah- 
 []


Overfull \hbox (38.83073pt too wide) in alignment at lines 460--460
 [] [] [] [] [] [] [] 
 []


Overfull \hbox (38.83073pt too wide) in alignment at lines 460--460
 [] [] [] [] [] [] [] 
 []


Underfull \hbox (badness 10000) in paragraph at lines 460--460
[]|\TU/TimesNewRoman(0)/m/n/10.95 Task Completion
 []


Underfull \hbox (badness 10000) in paragraph at lines 460--460
[]|\TU/TimesNewRoman(0)/m/n/10.95 Kemudahan Peng-
 []


Overfull \hbox (38.83073pt too wide) in alignment at lines 460--460
 [] [] [] [] [] [] [] 
 []

[36]
Underfull \hbox (badness 10000) in paragraph at lines 522--522
[]|\TU/TimesNewRoman(0)/b/n/10 Bobot 1
 []


Underfull \hbox (badness 10000) in paragraph at lines 522--522
\TU/TimesNewRoman(0)/b/n/10 (Sangat
 []


Underfull \hbox (badness 10000) in paragraph at lines 522--522
[]|\TU/TimesNewRoman(0)/b/n/10 Bobot 2
 []


Underfull \hbox (badness 10000) in paragraph at lines 522--522
[]|\TU/TimesNewRoman(0)/b/n/10 Bobot 3
 []


Underfull \hbox (badness 10000) in paragraph at lines 522--522
[]|\TU/TimesNewRoman(0)/b/n/10 Bobot 4
 []


Underfull \hbox (badness 10000) in paragraph at lines 522--522
[]|\TU/TimesNewRoman(0)/b/n/10 Bobot 5
 []


Underfull \hbox (badness 10000) in paragraph at lines 522--522
\TU/TimesNewRoman(0)/b/n/10 (Sangat
 []


Underfull \hbox (badness 10000) in paragraph at lines 522--522
[]|\TU/TimesNewRoman(0)/b/n/10 Bobot 1
 []


Underfull \hbox (badness 10000) in paragraph at lines 522--522
\TU/TimesNewRoman(0)/b/n/10 (Sangat
 []


Underfull \hbox (badness 10000) in paragraph at lines 522--522
[]|\TU/TimesNewRoman(0)/b/n/10 Bobot 2
 []


Underfull \hbox (badness 10000) in paragraph at lines 522--522
[]|\TU/TimesNewRoman(0)/b/n/10 Bobot 3
 []


Underfull \hbox (badness 10000) in paragraph at lines 522--522
[]|\TU/TimesNewRoman(0)/b/n/10 Bobot 4
 []


Underfull \hbox (badness 10000) in paragraph at lines 522--522
[]|\TU/TimesNewRoman(0)/b/n/10 Bobot 5
 []


Underfull \hbox (badness 10000) in paragraph at lines 522--522
\TU/TimesNewRoman(0)/b/n/10 (Sangat
 []


Underfull \hbox (badness 10000) in paragraph at lines 522--522
[]|\TU/TimesNewRoman(0)/m/n/10 Sistem se-
 []


Underfull \hbox (badness 10000) in paragraph at lines 522--522
\TU/TimesNewRoman(0)/m/n/10 ring gagal
 []


Underfull \hbox (badness 10000) in paragraph at lines 522--522
\TU/TimesNewRoman(0)/m/n/10 berfungsi
 []


Underfull \hbox (badness 3690) in paragraph at lines 522--522
\TU/TimesNewRoman(0)/m/n/10 ($\OML/cmm/m/it/10 >$\TU/TimesNewRoman(0)/m/n/10 10% \TU/TimesNewRoman(0)/m/it/10 do-
 []


Underfull \hbox (badness 2753) in paragraph at lines 522--522
\TU/TimesNewRoman(0)/m/it/10 wntime \TU/TimesNewRoman(0)/m/n/10 per
 []


Underfull \hbox (badness 10000) in paragraph at lines 522--522
[]|\TU/TimesNewRoman(0)/m/n/10 Sistem
 []


Underfull \hbox (badness 10000) in paragraph at lines 522--522
\TU/TimesNewRoman(0)/m/n/10 mengalami
 []


Underfull \hbox (badness 10000) in paragraph at lines 522--522
\TU/TimesNewRoman(0)/m/n/10 gangguan
 []


Underfull \hbox (badness 10000) in paragraph at lines 522--522
\TU/TimesNewRoman(0)/m/n/10 berulang
 []


Underfull \hbox (badness 10000) in paragraph at lines 522--522
\TU/TimesNewRoman(0)/m/n/10 (5-10%
 []


Underfull \hbox (badness 10000) in paragraph at lines 522--522
[]|\TU/TimesNewRoman(0)/m/n/10 Sistem cu-
 []


Underfull \hbox (badness 10000) in paragraph at lines 522--522
\TU/TimesNewRoman(0)/m/n/10 kup andal
 []


Underfull \hbox (badness 10000) in paragraph at lines 522--522
\TU/TimesNewRoman(0)/m/n/10 dengan
 []


Underfull \hbox (badness 10000) in paragraph at lines 522--522
\TU/TimesNewRoman(0)/m/it/10 downtime
 []


Underfull \hbox (badness 10000) in paragraph at lines 522--522
\TU/TimesNewRoman(0)/m/n/10 sedang
 []


Underfull \hbox (badness 10000) in paragraph at lines 522--522
\TU/TimesNewRoman(0)/m/n/10 (2-5%
 []


Underfull \hbox (badness 6157) in paragraph at lines 522--522
[]|\TU/TimesNewRoman(0)/m/n/10 Sistem sta-
 []


Underfull \hbox (badness 10000) in paragraph at lines 522--522
\TU/TimesNewRoman(0)/m/n/10 bil dengan
 []


Underfull \hbox (badness 10000) in paragraph at lines 522--522
\TU/TimesNewRoman(0)/m/it/10 downtime
 []


Underfull \hbox (badness 10000) in paragraph at lines 522--522
\TU/TimesNewRoman(0)/m/n/10 sangat ja-
 []


Underfull \hbox (badness 1590) in paragraph at lines 522--522
\TU/TimesNewRoman(0)/m/n/10 rang ($\OML/cmm/m/it/10 <$\TU/TimesNewRoman(0)/m/n/10 2%
 []


Underfull \hbox (badness 10000) in paragraph at lines 522--522
[]|\TU/TimesNewRoman(0)/m/n/10 Sistem sa-
 []


Underfull \hbox (badness 5681) in paragraph at lines 522--522
\TU/TimesNewRoman(0)/m/n/10 ngat andal,
 []


Underfull \hbox (badness 10000) in paragraph at lines 522--522
\TU/TimesNewRoman(0)/m/it/10 uptime
 []


Underfull \hbox (badness 10000) in paragraph at lines 522--522
\OML/cmm/m/it/10 >$\TU/TimesNewRoman(0)/m/n/10 99,9%,
 []


Underfull \hbox (badness 10000) in paragraph at lines 522--522
\TU/TimesNewRoman(0)/m/n/10 mampu
 []


Underfull \hbox (badness 10000) in paragraph at lines 522--522
\TU/TimesNewRoman(0)/m/n/10 beroperasi
 []


Underfull \hbox (badness 10000) in paragraph at lines 522--522
\TU/TimesNewRoman(0)/m/n/10 terus-
 []


Underfull \hbox (badness 10000) in paragraph at lines 522--522
\TU/TimesNewRoman(0)/m/n/10 menerus
 []


Underfull \hbox (badness 10000) in paragraph at lines 522--522
\TU/TimesNewRoman(0)/m/n/10 tanpa
 []


Underfull \hbox (badness 10000) in paragraph at lines 522--522
[]|\TU/TimesNewRoman(0)/m/n/10 Sistem ti-
 []


Underfull \hbox (badness 10000) in paragraph at lines 522--522
\TU/TimesNewRoman(0)/m/n/10 menangani
 []


Underfull \hbox (badness 10000) in paragraph at lines 522--522
\TU/TimesNewRoman(0)/m/n/10 peningkat-
 []


Underfull \hbox (badness 10000) in paragraph at lines 522--522
\TU/TimesNewRoman(0)/m/n/10 an beban,
 []


Underfull \hbox (badness 10000) in paragraph at lines 522--522
\TU/TimesNewRoman(0)/m/n/10 perfor-
 []


Underfull \hbox (badness 10000) in paragraph at lines 522--522
\TU/TimesNewRoman(0)/m/n/10 ma turun
 []


Underfull \hbox (badness 1796) in paragraph at lines 522--522
\OML/cmm/m/it/10 >$\TU/TimesNewRoman(0)/m/n/10 50% saat
 []


Underfull \hbox (badness 10000) in paragraph at lines 522--522
[]|\TU/TimesNewRoman(0)/m/n/10 Sistem
 []


Underfull \hbox (badness 10000) in paragraph at lines 522--522
\TU/TimesNewRoman(0)/m/n/10 dapat dis-
 []


Underfull \hbox (badness 10000) in paragraph at lines 522--522
\TU/TimesNewRoman(0)/m/n/10 kalakan
 []


Underfull \hbox (badness 10000) in paragraph at lines 522--522
\TU/TimesNewRoman(0)/m/n/10 terbatas
 []


Underfull \hbox (badness 10000) in paragraph at lines 522--522
\TU/TimesNewRoman(0)/m/n/10 (penurunan
 []


Underfull \hbox (badness 10000) in paragraph at lines 522--522
\TU/TimesNewRoman(0)/m/n/10 performa
 []


Underfull \hbox (badness 10000) in paragraph at lines 522--522
[]|\TU/TimesNewRoman(0)/m/n/10 Sistem
 []


Underfull \hbox (badness 10000) in paragraph at lines 522--522
\TU/TimesNewRoman(0)/m/n/10 masih
 []


Underfull \hbox (badness 10000) in paragraph at lines 522--522
\TU/TimesNewRoman(0)/m/n/10 responsif
 []


Underfull \hbox (badness 10000) in paragraph at lines 522--522
\TU/TimesNewRoman(0)/m/n/10 dengan
 []


Underfull \hbox (badness 10000) in paragraph at lines 522--522
\TU/TimesNewRoman(0)/m/n/10 penurunan
 []


Underfull \hbox (badness 10000) in paragraph at lines 522--522
\TU/TimesNewRoman(0)/m/n/10 performa
 []


Underfull \hbox (badness 10000) in paragraph at lines 522--522
\TU/TimesNewRoman(0)/m/n/10 moderat
 []


Underfull \hbox (badness 10000) in paragraph at lines 522--522
[]|\TU/TimesNewRoman(0)/m/n/10 Sistem
 []


Underfull \hbox (badness 2875) in paragraph at lines 522--522
\TU/TimesNewRoman(0)/m/n/10 tetap stabil
 []


Underfull \hbox (badness 10000) in paragraph at lines 522--522
\TU/TimesNewRoman(0)/m/n/10 dengan
 []


Underfull \hbox (badness 10000) in paragraph at lines 522--522
\TU/TimesNewRoman(0)/m/n/10 performa
 []


Underfull \hbox (badness 10000) in paragraph at lines 522--522
\TU/TimesNewRoman(0)/m/n/10 menurun
 []


Underfull \hbox (badness 1796) in paragraph at lines 522--522
\OML/cmm/m/it/10 <$\TU/TimesNewRoman(0)/m/n/10 10% saat
 []


Underfull \hbox (badness 10000) in paragraph at lines 522--522
[]|\TU/TimesNewRoman(0)/m/n/10 Sistem
 []


Underfull \hbox (badness 10000) in paragraph at lines 522--522
\TU/TimesNewRoman(0)/m/n/10 sangat
 []


Underfull \hbox (badness 10000) in paragraph at lines 522--522
\TU/TimesNewRoman(0)/m/n/10 fleksibel
 []


Underfull \hbox (badness 10000) in paragraph at lines 522--522
\TU/TimesNewRoman(0)/m/n/10 menangani
 []


Underfull \hbox (badness 10000) in paragraph at lines 522--522
\TU/TimesNewRoman(0)/m/n/10 peningkat-
 []


Underfull \hbox (badness 10000) in paragraph at lines 522--522
\TU/TimesNewRoman(0)/m/n/10 an beban
 []


Underfull \hbox (badness 10000) in paragraph at lines 522--522
\TU/TimesNewRoman(0)/m/n/10 penurunan
 []


Underfull \hbox (badness 10000) in paragraph at lines 522--522
\TU/TimesNewRoman(0)/m/n/10 performa
 []


Underfull \hbox (badness 10000) in paragraph at lines 522--522
\TU/TimesNewRoman(0)/m/n/10 signifikan
 []


Underfull \hbox (badness 10000) in paragraph at lines 522--522
[]|\TU/TimesNewRoman(0)/m/n/10 Biaya
 []


Underfull \hbox (badness 10000) in paragraph at lines 522--522
\TU/TimesNewRoman(0)/m/n/10 produksi
 []


Underfull \hbox (badness 10000) in paragraph at lines 522--522
\TU/TimesNewRoman(0)/m/n/10 sangat
 []


Underfull \hbox (badness 10000) in paragraph at lines 522--522
[]|\TU/TimesNewRoman(0)/m/n/10 Biaya ma-
 []


Underfull \hbox (badness 10000) in paragraph at lines 522--522
\TU/TimesNewRoman(0)/m/n/10 sih dalam
 []


Underfull \hbox (badness 10000) in paragraph at lines 522--522
\TU/TimesNewRoman(0)/m/n/10 namun
 []


Underfull \hbox (badness 10000) in paragraph at lines 522--522
\TU/TimesNewRoman(0)/m/n/10 belum
 []


Underfull \hbox (badness 10000) in paragraph at lines 522--522
[]|\TU/TimesNewRoman(0)/m/n/10 Biaya mi-
 []


Underfull \hbox (badness 10000) in paragraph at lines 522--522
\TU/TimesNewRoman(0)/m/n/10 nimal dan
 []


Underfull \hbox (badness 10000) in paragraph at lines 522--522
\TU/TimesNewRoman(0)/m/n/10 sesuai de-
 []


Underfull \hbox (badness 1259) in paragraph at lines 522--522
\TU/TimesNewRoman(0)/m/n/10 ngan target
 []


Underfull \hbox (badness 10000) in paragraph at lines 522--522
[]|\TU/TimesNewRoman(0)/m/n/10 Biaya
 []


Underfull \hbox (badness 10000) in paragraph at lines 522--522
\TU/TimesNewRoman(0)/m/n/10 sangat
 []


Underfull \hbox (badness 10000) in paragraph at lines 522--522
\TU/TimesNewRoman(0)/m/n/10 minimal
 []


Underfull \hbox (badness 10000) in paragraph at lines 522--522
\TU/TimesNewRoman(0)/m/n/10 dan mem-
 []


Underfull \hbox (badness 10000) in paragraph at lines 522--522
\TU/TimesNewRoman(0)/m/n/10 berikan
 []


Underfull \hbox (badness 10000) in paragraph at lines 522--522
\TU/TimesNewRoman(0)/m/n/10 manfaat
 []


Underfull \hbox (badness 10000) in paragraph at lines 522--522
[]|\TU/TimesNewRoman(0)/m/n/10 Desain
 []


Underfull \hbox (badness 10000) in paragraph at lines 522--522
\TU/TimesNewRoman(0)/m/n/10 sistem sa-
 []


Underfull \hbox (badness 10000) in paragraph at lines 522--522
\TU/TimesNewRoman(0)/m/n/10 ngat rumit
 []


Underfull \hbox (badness 10000) in paragraph at lines 522--522
\TU/TimesNewRoman(0)/m/n/10 dan mem-
 []


Underfull \hbox (badness 10000) in paragraph at lines 522--522
\TU/TimesNewRoman(0)/m/n/10 butuhkan
 []


Underfull \hbox (badness 10000) in paragraph at lines 522--522
\TU/TimesNewRoman(0)/m/n/10 komponen
 []


Underfull \hbox (badness 10000) in paragraph at lines 522--522
\TU/TimesNewRoman(0)/m/n/10 kustom
 []


Underfull \hbox (badness 10000) in paragraph at lines 522--522
[]|\TU/TimesNewRoman(0)/m/n/10 Sistem
 []


Underfull \hbox (badness 10000) in paragraph at lines 522--522
\TU/TimesNewRoman(0)/m/n/10 pleks dan
 []


Underfull \hbox (badness 1789) in paragraph at lines 522--522
\TU/TimesNewRoman(0)/m/n/10 sulit diinte-
 []


Underfull \hbox (badness 10000) in paragraph at lines 522--522
[]|\TU/TimesNewRoman(0)/m/n/10 Sistem
 []


Underfull \hbox (badness 10000) in paragraph at lines 522--522
\TU/TimesNewRoman(0)/m/n/10 memiliki
 []


Underfull \hbox (badness 10000) in paragraph at lines 522--522
\TU/TimesNewRoman(0)/m/n/10 kom-
 []


Underfull \hbox (badness 10000) in paragraph at lines 522--522
\TU/TimesNewRoman(0)/m/n/10 pleksitas
 []


Underfull \hbox (badness 10000) in paragraph at lines 522--522
\TU/TimesNewRoman(0)/m/n/10 menengah
 []


Underfull \hbox (badness 10000) in paragraph at lines 522--522
\TU/TimesNewRoman(0)/m/n/10 dengan
 []


Underfull \hbox (badness 10000) in paragraph at lines 522--522
\TU/TimesNewRoman(0)/m/n/10 beberapa
 []


Underfull \hbox (badness 10000) in paragraph at lines 522--522
\TU/TimesNewRoman(0)/m/n/10 komponen
 []


Underfull \hbox (badness 1783) in paragraph at lines 522--522
[]|\TU/TimesNewRoman(0)/m/n/10 Sistem mu-
 []


Underfull \hbox (badness 4328) in paragraph at lines 522--522
\TU/TimesNewRoman(0)/m/n/10 dah dirakit
 []


Underfull \hbox (badness 10000) in paragraph at lines 522--522
\TU/TimesNewRoman(0)/m/n/10 dan dikon-
 []


Underfull \hbox (badness 10000) in paragraph at lines 522--522
\TU/TimesNewRoman(0)/m/n/10 figurasi
 []


Underfull \hbox (badness 10000) in paragraph at lines 522--522
\TU/TimesNewRoman(0)/m/n/10 meng-
 []


Underfull \hbox (badness 10000) in paragraph at lines 522--522
\TU/TimesNewRoman(0)/m/n/10 gunakan
 []


Underfull \hbox (badness 10000) in paragraph at lines 522--522
\TU/TimesNewRoman(0)/m/n/10 komponen
 []


Underfull \hbox (badness 10000) in paragraph at lines 522--522
[]|\TU/TimesNewRoman(0)/m/n/10 Sistem
 []


Underfull \hbox (badness 10000) in paragraph at lines 522--522
\TU/TimesNewRoman(0)/m/n/10 sederhana,
 []


Underfull \hbox (badness 10000) in paragraph at lines 522--522
\TU/TimesNewRoman(0)/m/n/10 modular,
 []


Underfull \hbox (badness 1796) in paragraph at lines 522--522
\TU/TimesNewRoman(0)/m/n/10 dan mudah
 []


Underfull \hbox (badness 10000) in paragraph at lines 522--522
\TU/TimesNewRoman(0)/m/n/10 diinte-
 []


Underfull \hbox (badness 10000) in paragraph at lines 522--522
\TU/TimesNewRoman(0)/m/n/10 grasikan
 []


Underfull \hbox (badness 10000) in paragraph at lines 522--522
\TU/TimesNewRoman(0)/m/n/10 dengan
 []


Underfull \hbox (badness 7133) in paragraph at lines 522--522
[]|\TU/TimesNewRoman(0)/m/n/10 Task Comple-
 []


Underfull \hbox (badness 10000) in paragraph at lines 522--522
[]|\TU/TimesNewRoman(0)/m/n/10 Waktu pe-
 []


Underfull \hbox (badness 10000) in paragraph at lines 522--522
\TU/TimesNewRoman(0)/m/n/10 nyelesaian
 []


Underfull \hbox (badness 10000) in paragraph at lines 522--522
\TU/TimesNewRoman(0)/m/n/10 tugas jauh
 []


Underfull \hbox (badness 10000) in paragraph at lines 522--522
\TU/TimesNewRoman(0)/m/n/10 melebihi
 []


Underfull \hbox (badness 10000) in paragraph at lines 522--522
[]|\TU/TimesNewRoman(0)/m/n/10 Waktu
 []


Underfull \hbox (badness 10000) in paragraph at lines 522--522
\TU/TimesNewRoman(0)/m/n/10 penyelesa-
 []


Underfull \hbox (badness 10000) in paragraph at lines 522--522
\TU/TimesNewRoman(0)/m/n/10 ian masih
 []


Underfull \hbox (badness 10000) in paragraph at lines 522--522
\TU/TimesNewRoman(0)/m/n/10 lambat
 []


Underfull \hbox (badness 10000) in paragraph at lines 522--522
\TU/TimesNewRoman(0)/m/n/10 dan sering
 []


Underfull \hbox (badness 10000) in paragraph at lines 522--522
[]|\TU/TimesNewRoman(0)/m/n/10 Kecepatan
 []


Underfull \hbox (badness 10000) in paragraph at lines 522--522
[]|\TU/TimesNewRoman(0)/m/n/10 Sistem
 []


Underfull \hbox (badness 10000) in paragraph at lines 522--522
\TU/TimesNewRoman(0)/m/n/10 mampu
 []


Underfull \hbox (badness 10000) in paragraph at lines 522--522
\TU/TimesNewRoman(0)/m/n/10 menyelesa-
 []


Underfull \hbox (badness 10000) in paragraph at lines 522--522
\TU/TimesNewRoman(0)/m/n/10 ikan tugas
 []


Underfull \hbox (badness 10000) in paragraph at lines 522--522
\TU/TimesNewRoman(0)/m/n/10 dengan
 []


Underfull \hbox (badness 10000) in paragraph at lines 522--522
\TU/TimesNewRoman(0)/m/n/10 cepat dan
 []


Underfull \hbox (badness 10000) in paragraph at lines 522--522
[]|\TU/TimesNewRoman(0)/m/n/10 Sistem
 []


Underfull \hbox (badness 10000) in paragraph at lines 522--522
\TU/TimesNewRoman(0)/m/n/10 sangat
 []


Underfull \hbox (badness 10000) in paragraph at lines 522--522
\TU/TimesNewRoman(0)/m/n/10 cepat dan
 []


Underfull \hbox (badness 10000) in paragraph at lines 522--522
\TU/TimesNewRoman(0)/m/n/10 responsif
 []


Underfull \hbox (badness 10000) in paragraph at lines 522--522
\TU/TimesNewRoman(0)/m/n/10 di bawah
 []


Underfull \hbox (badness 10000) in paragraph at lines 522--522
\TU/TimesNewRoman(0)/m/n/10 beban
 []


Underfull \hbox (badness 10000) in paragraph at lines 522--522
[]|\TU/TimesNewRoman(0)/m/n/10 Kemudahan
 []


Underfull \hbox (badness 10000) in paragraph at lines 522--522
\TU/TimesNewRoman(0)/m/n/10 digunakan,
 []


Underfull \hbox (badness 6188) in paragraph at lines 522--522
\TU/TimesNewRoman(0)/m/n/10 hanya bisa
 []


Underfull \hbox (badness 10000) in paragraph at lines 522--522
\TU/TimesNewRoman(0)/m/n/10 dioperasik-
 []


Underfull \hbox (badness 10000) in paragraph at lines 522--522
\TU/TimesNewRoman(0)/m/n/10 an teknisi
 []


Underfull \hbox (badness 10000) in paragraph at lines 522--522
\TU/TimesNewRoman(0)/m/n/10 berpenga-
 []


Underfull \hbox (badness 10000) in paragraph at lines 522--522
[]|\TU/TimesNewRoman(0)/m/n/10 Sistem cu-
 []


Underfull \hbox (badness 10000) in paragraph at lines 522--522
\TU/TimesNewRoman(0)/m/n/10 kup rumit
 []


Underfull \hbox (badness 10000) in paragraph at lines 522--522
\TU/TimesNewRoman(0)/m/n/10 dan mem-
 []


Underfull \hbox (badness 10000) in paragraph at lines 522--522
\TU/TimesNewRoman(0)/m/n/10 butuhkan
 []


Underfull \hbox (badness 10000) in paragraph at lines 522--522
\TU/TimesNewRoman(0)/m/n/10 pelatihan
 []


Underfull \hbox (badness 10000) in paragraph at lines 522--522
[]|\TU/TimesNewRoman(0)/m/n/10 Sistem
 []


Underfull \hbox (badness 10000) in paragraph at lines 522--522
\TU/TimesNewRoman(0)/m/n/10 mudah
 []


Underfull \hbox (badness 10000) in paragraph at lines 522--522
\TU/TimesNewRoman(0)/m/n/10 digunakan
 []


Underfull \hbox (badness 10000) in paragraph at lines 522--522
\TU/TimesNewRoman(0)/m/n/10 setelah
 []


Underfull \hbox (badness 10000) in paragraph at lines 522--522
\TU/TimesNewRoman(0)/m/n/10 pelatihan
 []


Underfull \hbox (badness 10000) in paragraph at lines 522--522
[]|\TU/TimesNewRoman(0)/m/n/10 Sistem
 []


Underfull \hbox (badness 10000) in paragraph at lines 522--522
\TU/TimesNewRoman(0)/m/n/10 mudah di-
 []


Underfull \hbox (badness 2894) in paragraph at lines 522--522
\TU/TimesNewRoman(0)/m/n/10 dapat digu-
 []


Underfull \hbox (badness 2894) in paragraph at lines 522--522
\TU/TimesNewRoman(0)/m/n/10 nakan oleh
 []


Underfull \hbox (badness 10000) in paragraph at lines 522--522
\TU/TimesNewRoman(0)/m/n/10 operator
 []


Underfull \hbox (badness 10000) in paragraph at lines 522--522
[]|\TU/TimesNewRoman(0)/m/n/10 Sistem
 []


Underfull \hbox (badness 10000) in paragraph at lines 522--522
\TU/TimesNewRoman(0)/m/n/10 sangat
 []


Underfull \hbox (badness 10000) in paragraph at lines 522--522
\TU/TimesNewRoman(0)/m/n/10 intuitif,
 []


Underfull \hbox (badness 10000) in paragraph at lines 522--522
\TU/TimesNewRoman(0)/m/n/10 langsung
 []


Underfull \hbox (badness 10000) in paragraph at lines 522--522
\TU/TimesNewRoman(0)/m/n/10 bisa digu-
 []

[37] [38]
Underfull \hbox (badness 10000) in paragraph at lines 560--560
[]|\TU/TimesNewRoman(0)/m/n/12 Kemudahan Penggu-
 []


Underfull \hbox (badness 2726) in paragraph at lines 589--589
[]|\TU/TimesNewRoman(0)/m/n/12 Arsitektur berbasis \TU/TimesNewRoman(0)/m/it/12 event \TU/TimesNewRoman(0)/m/n/12 memungkinkan
 []


Underfull \hbox (badness 10000) in paragraph at lines 589--589
\TU/TimesNewRoman(0)/m/n/12 sistem menangani peningkatan volume
 []


Underfull \hbox (badness 1194) in paragraph at lines 589--589
\TU/TimesNewRoman(0)/m/n/12 berskala linear sesuai kebutuhan tiap gu-
 []

[39] [40]
Overfull \hbox (0.55595pt too wide) in paragraph at lines 655--655
[]|\TU/TimesNewRoman(0)/m/n/12 Reliability| 
 []


Overfull \hbox (1.21806pt too wide) in paragraph at lines 655--655
[]|\TU/TimesNewRoman(0)/m/n/12 Scalability| 
 []


Underfull \hbox (badness 10000) in paragraph at lines 655--655
[]|\TU/TimesNewRoman(0)/m/n/12 Cost of
 []


Underfull \hbox (badness 10000) in paragraph at lines 655--655
\TU/TimesNewRoman(0)/m/n/12 Produ-
 []


Overfull \hbox (6.26181pt too wide) in paragraph at lines 655--655
[]|\TU/TimesNewRoman(0)/m/n/12 Complexity
 []


Underfull \hbox (badness 10000) in paragraph at lines 655--655
\TU/TimesNewRoman(0)/m/n/12 pletion
 []


Overfull \hbox (7.87431pt too wide) in paragraph at lines 655--655
[]|\TU/TimesNewRoman(0)/m/n/12 Kemudahan
 []


Underfull \hbox (badness 10000) in paragraph at lines 655--655
\TU/TimesNewRoman(0)/m/n/12 Pengguna-
 []

[41] [42] [43] [44]
Overfull \hbox (3.19417pt too wide) in paragraph at lines 722--723
\TU/TimesNewRoman(0)/m/n/12 tik terpenuhi dengan latensi publikasi terukur 500 ms melalui \TU/TimesNewRoman(0)/m/it/12 topic \TU/TimesNewRoman(0)/m/n/12 MQTT \TU/lmtt/m/n/12 location\TU/TimesNewRoman(0)/m/n/12 ,
 []

) (./Bab IV - Perancangan.tex [45] [46

]
\bbl@ensure@indonesian {Bab} IV.
File: images/bpmn_tobe.png Graphic file (type bmp)
<images/bpmn_tobe.png>
[47

]
File: images/bab_iv/architecture-Level-0.jpg Graphic file (type bmp)
<images/bab_iv/architecture-Level-0.jpg>
 [48]
File: images/bab_iv/architecture-Level-1.jpg Graphic file (type bmp)
<images/bab_iv/architecture-Level-1.jpg>
 [49] [50]
File: images/bab_iv/wmc/wmc.jpg Graphic file (type bmp)
<images/bab_iv/wmc/wmc.jpg>
 [51]
File: images/bab_iv/wmc/database.jpg Graphic file (type bmp)
<images/bab_iv/wmc/database.jpg>
 [52]
Overfull \hbox (2.2634pt too wide) in paragraph at lines 148--149
\TU/TimesNewRoman(0)/m/n/12 terlibat dalam sistem \TU/TimesNewRoman(0)/m/it/12 Warehouse Management Controller\TU/TimesNewRoman(0)/m/n/12 , yaitu \TU/TimesNewRoman(0)/m/it/12 User\TU/TimesNewRoman(0)/m/n/12 , \TU/TimesNewRoman(0)/m/it/12 Session\TU/TimesNewRoman(0)/m/n/12 , \TU/TimesNewRoman(0)/m/it/12 Order\TU/TimesNewRoman(0)/m/n/12 ,
 []

File: images/bab_iv/ERD.jpg Graphic file (type bmp)
<images/bab_iv/ERD.jpg>
[53] [54]
File: images/bab_iv/wmc/goods-service.jpg Graphic file (type bmp)
<images/bab_iv/wmc/goods-service.jpg>
 [55]
File: images/bab_iv/wmc/fleet-service.jpg Graphic file (type bmp)
<images/bab_iv/wmc/fleet-service.jpg>
 [56]
File: images/bab_iv/wmc/auth-service.jpg Graphic file (type bmp)
<images/bab_iv/wmc/auth-service.jpg>
 [57]
File: images/bab_iv/fleet-controller/fleet-controller.jpg Graphic file (type bmp)
<images/bab_iv/fleet-controller/fleet-controller.jpg>
 [58] [59]
File: images/bab_iv/fleet-controller/localization-system.jpg Graphic file (type bmp)
<images/bab_iv/fleet-controller/localization-system.jpg>
 [60]
File: images/bab_iv/localisation_device.png Graphic file (type bmp)
<images/bab_iv/localisation_device.png>
 [61] [62]
File: images/bab_iv/use-case.jpg Graphic file (type bmp)
<images/bab_iv/use-case.jpg>
 [63] [64] [65] [66] [67] [68] [69]
Underfull \hbox (badness 1286) in paragraph at lines 896--896
[]|\TU/TimesNewRoman(0)/m/n/12 6. Sistem menampilkan konfirmasi
 []

[70] [71]
File: images/bab_iv/class_diagram.png Graphic file (type bmp)
<images/bab_iv/class_diagram.png>
 [72] [73]
Underfull \hbox (badness 10000) in paragraph at lines 1070--1070
[]|\TU/TimesNewRoman(0)/m/n/12 Menerima permintaan keluar
 []


Underfull \hbox (badness 10000) in paragraph at lines 1070--1070
\TU/TimesNewRoman(0)/m/n/12 dan meneruskan pembatalan
 []


Underfull \hbox (badness 1715) in paragraph at lines 1096--1096
[]|\TU/TimesNewRoman(0)/m/n/12 Meneruskan permintaan detail ba-
 []

[74]
Underfull \hbox (badness 1371) in paragraph at lines 1170--1170
[]|\TU/TimesNewRoman(0)/m/n/12 Menginisialisasi modul \TU/TimesNewRoman(0)/m/it/12 Digital Twin
 []


Underfull \hbox (badness 1609) in paragraph at lines 1202--1202
[]|\TU/TimesNewRoman(0)/m/n/12 Memverifikasi kreden-
 []


Underfull \hbox (badness 2245) in paragraph at lines 1202--1202
\TU/TimesNewRoman(0)/m/it/12 ken \TU/TimesNewRoman(0)/m/n/12 terhadap sesi ter-
 []


Underfull \hbox (badness 10000) in paragraph at lines 1202--1202
[]|\TU/TimesNewRoman(0)/m/n/12 Menghasilkan \TU/TimesNewRoman(0)/m/it/12 bearer
 []

[75]
Underfull \hbox (badness 4981) in paragraph at lines 1232--1232
[]|\TU/TimesNewRoman(0)/m/n/12 Menyelaraskan data barang
 []


Underfull \hbox (badness 10000) in paragraph at lines 1266--1266
\TU/TimesNewRoman(0)/m/it/12 order \TU/TimesNewRoman(0)/m/n/12 beserta
 []


Underfull \hbox (badness 8056) in paragraph at lines 1266--1266
\TU/TimesNewRoman(0)/m/n/12 statusnya untuk
 []


Underfull \hbox (badness 10000) in paragraph at lines 1266--1266
[]|\TU/TimesNewRoman(0)/m/n/12 Memvalidasi
 []


Underfull \hbox (badness 10000) in paragraph at lines 1266--1266
\TU/TimesNewRoman(0)/m/n/12 ketersediaan
 []


Underfull \hbox (badness 2310) in paragraph at lines 1266--1266
\TU/TimesNewRoman(0)/m/n/12 barang dan me-
 []


Underfull \hbox (badness 10000) in paragraph at lines 1266--1266
\TU/TimesNewRoman(0)/m/n/12 nyimpan \TU/TimesNewRoman(0)/m/it/12 order
 []


Underfull \hbox (badness 10000) in paragraph at lines 1266--1266
\TU/TimesNewRoman(0)/m/n/12 beserta \TU/TimesNewRoman(0)/m/it/12 order
 []


Underfull \hbox (badness 1308) in paragraph at lines 1266--1266
[]|\TU/TimesNewRoman(0)/m/n/12 Mengirim perin-
 []


Underfull \hbox (badness 10000) in paragraph at lines 1266--1266
\TU/TimesNewRoman(0)/m/it/12 controller \TU/TimesNewRoman(0)/m/n/12 dan
 []


Underfull \hbox (badness 10000) in paragraph at lines 1266--1266
\TU/TimesNewRoman(0)/m/n/12 memicu \TU/TimesNewRoman(0)/m/it/12 Notifi-
 []


Overfull \hbox (21.46046pt too wide) in paragraph at lines 1266--1266
[]|\TU/TimesNewRoman(0)/m/n/12 OrderItemRepository| 
 []


Overfull \hbox (12.78859pt too wide) in paragraph at lines 1266--1266
[]|\TU/TimesNewRoman(0)/m/n/12 NotificationService| 
 []

[76]
Underfull \hbox (badness 10000) in paragraph at lines 1300--1300
[]|\TU/TimesNewRoman(0)/m/n/12 Menyusun daf-
 []


Underfull \hbox (badness 10000) in paragraph at lines 1300--1300
\TU/TimesNewRoman(0)/m/n/12 tar robot dari
 []


Underfull \hbox (badness 10000) in paragraph at lines 1300--1300
[]|\TU/TimesNewRoman(0)/m/n/12 Mengambil status
 []


Underfull \hbox (badness 10000) in paragraph at lines 1300--1300
\TU/TimesNewRoman(0)/m/n/12 robot termasuk
 []


Underfull \hbox (badness 10000) in paragraph at lines 1300--1300
[]|\TU/TimesNewRoman(0)/m/n/12 Memperbarui \TU/TimesNewRoman(0)/m/it/12 te-
 []


Underfull \hbox (badness 2608) in paragraph at lines 1300--1300
\TU/TimesNewRoman(0)/m/it/12 lemetry \TU/TimesNewRoman(0)/m/n/12 robot dan
 []

[77]
Underfull \hbox (badness 10000) in paragraph at lines 1326--1326
[]|\TU/TimesNewRoman(0)/m/n/12 Membuat tugas baru
 []


Underfull \hbox (badness 6526) in paragraph at lines 1326--1326
\TU/TimesNewRoman(0)/m/n/12 untuk eksekusi suatu
 []


Underfull \hbox (badness 5548) in paragraph at lines 1326--1326
[]|\TU/TimesNewRoman(0)/m/n/12 Mengambil daftar tu-
 []


Underfull \hbox (badness 1931) in paragraph at lines 1354--1354
\TU/TimesNewRoman(0)/m/n/12 menyiapkan langganan koordi-
 []

[78]
Underfull \hbox (badness 4084) in paragraph at lines 1380--1380
[]|\TU/TimesNewRoman(0)/m/n/12 Menyelaraskan posisi robot
 []


Underfull \hbox (badness 10000) in paragraph at lines 1380--1380
\TU/TimesNewRoman(0)/m/n/12 dengan data \TU/TimesNewRoman(0)/m/it/12 AprilTagMap-
 []


Underfull \hbox (badness 4096) in paragraph at lines 1380--1380
[]|\TU/TimesNewRoman(0)/m/n/12 Menentukan lokasi penyim-
 []


Underfull \hbox (badness 2142) in paragraph at lines 1406--1406
[]|\TU/TimesNewRoman(0)/m/n/12 Mengirim pembaruan status
 []


Underfull \hbox (badness 2142) in paragraph at lines 1406--1406
[]|\TU/TimesNewRoman(0)/m/n/12 Mengirim pembaruan status
 []

[79]
Underfull \hbox (badness 10000) in paragraph at lines 1516--1516
[]|\TU/TimesNewRoman(0)/m/n/12 Mengambil \TU/TimesNewRoman(0)/m/it/12 order \TU/TimesNewRoman(0)/m/n/12 berda-
 []

[80] [81] [82]
Underfull \hbox (badness 4060) in paragraph at lines 1714--1714
[]|\TU/TimesNewRoman(0)/m/n/12 Mengembalikan riwayat aktivitas ba-
 []


Underfull \hbox (badness 8075) in paragraph at lines 1768--1768
[]|\TU/TimesNewRoman(0)/m/n/12 Menyesuaikan kuantitas item dalam
 []

[83]
Underfull \hbox (badness 1817) in paragraph at lines 1848--1848
[]|\TU/TimesNewRoman(0)/m/n/12 Mengembalikan koordinat entitas berda-
 []


Overfull \hbox (1.72pt too wide) in paragraph at lines 1851--1852
[]\TU/TimesNewRoman(0)/m/it/12 Sequence diagram \TU/TimesNewRoman(0)/m/n/12 merupakan pemodelan perilaku dinamis (\TU/TimesNewRoman(0)/m/it/12 dynamic behavior\TU/TimesNewRoman(0)/m/n/12 ) yang
 []

[84]
File: images/bab_iv/Sequence_Diagram/sd01.png Graphic file (type bmp)
<images/bab_iv/Sequence_Diagram/sd01.png>
File: images/bab_iv/Sequence_Diagram/sd02.png Graphic file (type bmp)
<images/bab_iv/Sequence_Diagram/sd02.png>
File: images/bab_iv/Sequence_Diagram/sd03.png Graphic file (type bmp)
<images/bab_iv/Sequence_Diagram/sd03.png>
 [85]
File: images/bab_iv/Sequence_Diagram/sd04.png Graphic file (type bmp)
<images/bab_iv/Sequence_Diagram/sd04.png>
File: images/bab_iv/Sequence_Diagram/sd05.png Graphic file (type bmp)
<images/bab_iv/Sequence_Diagram/sd05.png>
File: images/bab_iv/Sequence_Diagram/sd06.png Graphic file (type bmp)
<images/bab_iv/Sequence_Diagram/sd06.png>
 [86]
File: images/bab_iv/Sequence_Diagram/sd07.png Graphic file (type bmp)
<images/bab_iv/Sequence_Diagram/sd07.png>
File: images/bab_iv/Sequence_Diagram/sd08.png Graphic file (type bmp)
<images/bab_iv/Sequence_Diagram/sd08.png>
File: images/bab_iv/Sequence_Diagram/sd09.png Graphic file (type bmp)
<images/bab_iv/Sequence_Diagram/sd09.png>
) [87] (./Bab V - Implementasi.tex [88]
\bbl@ensure@indonesian {Bab} V.
[89


] [90] [91] [92] [93] [94] [95]
File: images/bab_v/localization_hardware.jpg Graphic file (type bmp)
<images/bab_v/localization_hardware.jpg>

Underfull \hbox (badness 7832) in paragraph at lines 353--353
[]\TU/TimesNewRoman(0)/m/n/12 Implementasi perangkat lunak Subsistem Lokalisasi disusun dalam folder
 []

[96] [97]
File: images/bab_v/localization_software.jpg Graphic file (type bmp)
<images/bab_v/localization_software.jpg>
 [98]
File: images/bab_v/localization_mqtt.jpg Graphic file (type bmp)
<images/bab_v/localization_mqtt.jpg>
) (./Bab VI - Evaluasi.tex [99] [100

]
\bbl@ensure@indonesian {Bab} VI.
[101

] [102] [103]
Overfull \hbox (14.10893pt too wide) in paragraph at lines 109--109
 []|\TU/TimesNewRoman(0)/b/n/12 Throughput| 
 []


Overfull \hbox (14.10893pt too wide) in paragraph at lines 109--109
 []|\TU/TimesNewRoman(0)/b/n/12 Throughput| 
 []

[104] [105]
Overfull \hbox (4.88397pt too wide) in paragraph at lines 172--173
[]\TU/TimesNewRoman(0)/m/n/12 Pengujian akurasi pemenuhan tugas dilaksanakan dengan mengeksekusi seluruh kom-
 []

[106]) (./Bab VII - Penutup.tex [107] [108

]
\bbl@ensure@indonesian {Bab} VII.

Overfull \hbox (4.47273pt too wide) in paragraph at lines 14--15
\TU/TimesNewRoman(0)/m/n/12 pe Subsistem Lokalisasi yang memanfaatkan penanda AprilTag jenis Tag36h11
 []

[109

]) [110]
Overfull \hbox (8.30055pt too wide) in paragraph at lines 399--399
[][]\TU/TimesNewRoman(0)/m/n/12 Fette, Ian, dan Alexey Melnikov. 2011. \TU/TimesNewRoman(0)/m/it/12 The WebSocket Protocol. \TU/TimesNewRoman(0)/m/n/12 Technical report RFC
 []

[111


]
Overfull \hbox (11.77867pt too wide) in paragraph at lines 399--399
\TU/TimesNewRoman(0)/m/n/12 houses: Rationale, Challenges, and Solution Directions”. \TU/TimesNewRoman(0)/m/it/12 Applied Sciences \TU/TimesNewRoman(0)/m/n/12 (Basel)
 []


Overfull \hbox (2.15869pt too wide) in paragraph at lines 399--399
\TU/TimesNewRoman(0)/m/n/12 house Operation: A Comprehensive Review”. \TU/TimesNewRoman(0)/m/it/12 European Journal of Operational
 []


Overfull \hbox (3.35031pt too wide) in paragraph at lines 399--399
\TU/TimesNewRoman(0)/m/it/12 ing, Building, and Deploying Messaging Solutions. \TU/TimesNewRoman(0)/m/n/12 Boston, MA, USA: Addison-
 []


Overfull \hbox (5.23494pt too wide) in paragraph at lines 399--399
[][]\TU/TimesNewRoman(0)/m/n/12 Kalaitzakis, Michail, Brennan Cain, Sabrina Carroll, Anand Ambrosi, Camden White-
 []

[112]
Overfull \hbox (26.11789pt too wide) in paragraph at lines 399--399
[][]\TU/TimesNewRoman(0)/m/n/12 RabbitMQ. 2023. “  RabbitMQ Documentation: AMQP 0-9-1 Model Explained”. VMware,
 []

[113]
Overfull \hbox (4.40771pt too wide) in paragraph at lines 399--399
\TU/TimesNewRoman(0)/m/n/12 Global Strategic Business Report”. Research dan Markets. Diakses pada June 28,
 []

(./Lampiran-A.tex [114]
\bbl@ensure@indonesian {Lampiran} A.
Package hyperref Info: bookmark level for unknown lstlisting defaults to 0 on input line 4.
(./listings/binary-search-python.tex [115


])) (./Lampiran-B.tex [116]
\bbl@ensure@indonesian {Lampiran} B.
) [117


] [118

]

Package caption Warning: Unused \captionsetup[algorithm] on input line 310.
See the caption package documentation for explanation.

(./TA.aux)
 ***********
LaTeX2e <2026-06-01>
L3 programming layer <2026-06-18>
 ***********


LaTeX Warning: Label(s) may have changed. Rerun to get cross-references right.

Package rerunfilecheck Info: File `TA.out' has not changed.
(rerunfilecheck)             Checksum: 1A545A5EE9FB203E4183126A0E012FB9;27712.
Package logreq Info: Writing requests to 'TA.run.xml'.
\openout1 = `TA.run.xml'.

 ) 
Here is how much of TeX's memory you used:
 35853 strings out of 469293
 708881 string characters out of 5455855
 2284653 words of memory out of 5000000
 64319 multiletter control sequences out of 15000+600000
 636253 words of font info for 108 fonts, out of 8000000 for 9000
 374 hyphenation exceptions out of 8191
 73i,9n,95p,1746b,7479s stack positions out of 10000i,1000n,20000p,200000b,200000s

Output written on TA.pdf (148 pages).
